ARM GAS  C:\Users\jobaek\AppData\Local\Temp\ccWf1MEf.s 			page 1


   1              		.syntax unified
   2              		.cpu cortex-m3
   3              		.fpu softvfp
   4              		.eabi_attribute 20, 1
   5              		.eabi_attribute 21, 1
   6              		.eabi_attribute 23, 3
   7              		.eabi_attribute 24, 1
   8              		.eabi_attribute 25, 1
   9              		.eabi_attribute 26, 1
  10              		.eabi_attribute 30, 1
  11              		.eabi_attribute 34, 1
  12              		.eabi_attribute 18, 4
  13              		.thumb
  14              		.syntax unified
  15              		.file	"cymetadata.c"
  16              		.text
  17              	.Ltext0:
  18              		.cfi_sections	.debug_frame
  19              		.global	cy_meta_configecc
  20              		.global	cy_meta_loadable
  21              		.section	.cyconfigecc,"a",%progbits
  22              		.align	2
  23              		.type	cy_meta_configecc, %object
  24              		.size	cy_meta_configecc, 748
  25              	cy_meta_configecc:
  26 0000 02       		.byte	2
  27 0001 52       		.byte	82
  28 0002 00       		.byte	0
  29 0003 40       		.byte	64
  30 0004 03       		.byte	3
  31 0005 65       		.byte	101
  32 0006 00       		.byte	0
  33 0007 40       		.byte	64
  34 0008 14       		.byte	20
  35 0009 18       		.byte	24
  36 000a 01       		.byte	1
  37 000b 40       		.byte	64
  38 000c 3A       		.byte	58
  39 000d 19       		.byte	25
  40 000e 01       		.byte	1
  41 000f 40       		.byte	64
  42 0010 69       		.byte	105
  43 0011 1A       		.byte	26
  44 0012 01       		.byte	1
  45 0013 40       		.byte	64
  46 0014 4F       		.byte	79
  47 0015 1B       		.byte	27
  48 0016 01       		.byte	1
  49 0017 40       		.byte	64
  50 0018 01       		.byte	1
  51 0019 4C       		.byte	76
  52 001a 01       		.byte	1
  53 001b 40       		.byte	64
  54 001c 07       		.byte	7
  55 001d 4D       		.byte	77
  56 001e 01       		.byte	1
  57 001f 40       		.byte	64
ARM GAS  C:\Users\jobaek\AppData\Local\Temp\ccWf1MEf.s 			page 2


  58 0020 02       		.byte	2
  59 0021 50       		.byte	80
  60 0022 01       		.byte	1
  61 0023 40       		.byte	64
  62 0024 61       		.byte	97
  63 0025 80       		.byte	-128
  64 0026 64       		.byte	100
  65 0027 40       		.byte	64
  66 0028 88       		.byte	-120
  67 0029 72       		.byte	114
  68 002a 89       		.byte	-119
  69 002b 38       		.byte	56
  70 002c 8B       		.byte	-117
  71 002d 0F       		.byte	15
  72 002e 80       		.byte	-128
  73 002f 08       		.byte	8
  74 0030 86       		.byte	-122
  75 0031 04       		.byte	4
  76 0032 88       		.byte	-120
  77 0033 01       		.byte	1
  78 0034 A1       		.byte	-95
  79 0035 01       		.byte	1
  80 0036 A2       		.byte	-94
  81 0037 02       		.byte	2
  82 0038 A4       		.byte	-92
  83 0039 01       		.byte	1
  84 003a AA       		.byte	-86
  85 003b 02       		.byte	2
  86 003c AC       		.byte	-84
  87 003d 01       		.byte	1
  88 003e B0       		.byte	-80
  89 003f 02       		.byte	2
  90 0040 B2       		.byte	-78
  91 0041 04       		.byte	4
  92 0042 B4       		.byte	-76
  93 0043 01       		.byte	1
  94 0044 B5       		.byte	-75
  95 0045 01       		.byte	1
  96 0046 B6       		.byte	-74
  97 0047 08       		.byte	8
  98 0048 BE       		.byte	-66
  99 0049 41       		.byte	65
 100 004a BF       		.byte	-65
 101 004b 10       		.byte	16
 102 004c D4       		.byte	-44
 103 004d 18       		.byte	24
 104 004e D8       		.byte	-40
 105 004f 04       		.byte	4
 106 0050 D9       		.byte	-39
 107 0051 04       		.byte	4
 108 0052 DB       		.byte	-37
 109 0053 04       		.byte	4
 110 0054 DF       		.byte	-33
 111 0055 01       		.byte	1
 112 0056 01       		.byte	1
 113 0057 0A       		.byte	10
 114 0058 03       		.byte	3
ARM GAS  C:\Users\jobaek\AppData\Local\Temp\ccWf1MEf.s 			page 3


 115 0059 08       		.byte	8
 116 005a 05       		.byte	5
 117 005b 29       		.byte	41
 118 005c 06       		.byte	6
 119 005d 02       		.byte	2
 120 005e 0C       		.byte	12
 121 005f 41       		.byte	65
 122 0060 0D       		.byte	13
 123 0061 02       		.byte	2
 124 0062 0E       		.byte	14
 125 0063 0A       		.byte	10
 126 0064 0F       		.byte	15
 127 0065 20       		.byte	32
 128 0066 10       		.byte	16
 129 0067 22       		.byte	34
 130 0068 12       		.byte	18
 131 0069 48       		.byte	72
 132 006a 16       		.byte	22
 133 006b 80       		.byte	-128
 134 006c 17       		.byte	23
 135 006d 14       		.byte	20
 136 006e 1A       		.byte	26
 137 006f 01       		.byte	1
 138 0070 1B       		.byte	27
 139 0071 15       		.byte	21
 140 0072 1C       		.byte	28
 141 0073 10       		.byte	16
 142 0074 1D       		.byte	29
 143 0075 21       		.byte	33
 144 0076 1E       		.byte	30
 145 0077 0A       		.byte	10
 146 0078 1F       		.byte	31
 147 0079 10       		.byte	16
 148 007a 23       		.byte	35
 149 007b 08       		.byte	8
 150 007c 25       		.byte	37
 151 007d 0A       		.byte	10
 152 007e 26       		.byte	38
 153 007f 08       		.byte	8
 154 0080 27       		.byte	39
 155 0081 01       		.byte	1
 156 0082 2B       		.byte	43
 157 0083 40       		.byte	64
 158 0084 2C       		.byte	44
 159 0085 41       		.byte	65
 160 0086 2D       		.byte	45
 161 0087 20       		.byte	32
 162 0088 2F       		.byte	47
 163 0089 10       		.byte	16
 164 008a 35       		.byte	53
 165 008b 41       		.byte	65
 166 008c 37       		.byte	55
 167 008d 14       		.byte	20
 168 008e 3D       		.byte	61
 169 008f 80       		.byte	-128
 170 0090 3E       		.byte	62
 171 0091 82       		.byte	-126
ARM GAS  C:\Users\jobaek\AppData\Local\Temp\ccWf1MEf.s 			page 4


 172 0092 3F       		.byte	63
 173 0093 28       		.byte	40
 174 0094 44       		.byte	68
 175 0095 40       		.byte	64
 176 0096 45       		.byte	69
 177 0097 28       		.byte	40
 178 0098 47       		.byte	71
 179 0099 40       		.byte	64
 180 009a 4F       		.byte	79
 181 009b 20       		.byte	32
 182 009c 55       		.byte	85
 183 009d 01       		.byte	1
 184 009e 56       		.byte	86
 185 009f 40       		.byte	64
 186 00a0 5B       		.byte	91
 187 00a1 01       		.byte	1
 188 00a2 5C       		.byte	92
 189 00a3 10       		.byte	16
 190 00a4 60       		.byte	96
 191 00a5 04       		.byte	4
 192 00a6 63       		.byte	99
 193 00a7 02       		.byte	2
 194 00a8 6C       		.byte	108
 195 00a9 22       		.byte	34
 196 00aa 6E       		.byte	110
 197 00ab 04       		.byte	4
 198 00ac 6F       		.byte	111
 199 00ad 08       		.byte	8
 200 00ae 76       		.byte	118
 201 00af 02       		.byte	2
 202 00b0 77       		.byte	119
 203 00b1 14       		.byte	20
 204 00b2 86       		.byte	-122
 205 00b3 01       		.byte	1
 206 00b4 C0       		.byte	-64
 207 00b5 FE       		.byte	-2
 208 00b6 C2       		.byte	-62
 209 00b7 F0       		.byte	-16
 210 00b8 C4       		.byte	-60
 211 00b9 7F       		.byte	127
 212 00ba CA       		.byte	-54
 213 00bb F1       		.byte	-15
 214 00bc CC       		.byte	-52
 215 00bd F0       		.byte	-16
 216 00be CE       		.byte	-50
 217 00bf F0       		.byte	-16
 218 00c0 D0       		.byte	-48
 219 00c1 F0       		.byte	-16
 220 00c2 D2       		.byte	-46
 221 00c3 20       		.byte	32
 222 00c4 D6       		.byte	-42
 223 00c5 21       		.byte	33
 224 00c6 D8       		.byte	-40
 225 00c7 0C       		.byte	12
 226 00c8 E0       		.byte	-32
 227 00c9 08       		.byte	8
 228 00ca 02       		.byte	2
ARM GAS  C:\Users\jobaek\AppData\Local\Temp\ccWf1MEf.s 			page 5


 229 00cb 03       		.byte	3
 230 00cc 04       		.byte	4
 231 00cd 10       		.byte	16
 232 00ce 06       		.byte	6
 233 00cf 0C       		.byte	12
 234 00d0 07       		.byte	7
 235 00d1 08       		.byte	8
 236 00d2 08       		.byte	8
 237 00d3 10       		.byte	16
 238 00d4 0C       		.byte	12
 239 00d5 09       		.byte	9
 240 00d6 0D       		.byte	13
 241 00d7 80       		.byte	-128
 242 00d8 0E       		.byte	14
 243 00d9 10       		.byte	16
 244 00da 0F       		.byte	15
 245 00db 13       		.byte	19
 246 00dc 12       		.byte	18
 247 00dd 20       		.byte	32
 248 00de 15       		.byte	21
 249 00df 2C       		.byte	44
 250 00e0 16       		.byte	22
 251 00e1 20       		.byte	32
 252 00e2 17       		.byte	23
 253 00e3 43       		.byte	67
 254 00e4 18       		.byte	24
 255 00e5 0C       		.byte	12
 256 00e6 19       		.byte	25
 257 00e7 71       		.byte	113
 258 00e8 1A       		.byte	26
 259 00e9 11       		.byte	17
 260 00ea 1B       		.byte	27
 261 00eb 06       		.byte	6
 262 00ec 23       		.byte	35
 263 00ed 0C       		.byte	12
 264 00ee 24       		.byte	36
 265 00ef 14       		.byte	20
 266 00f0 25       		.byte	37
 267 00f1 71       		.byte	113
 268 00f2 27       		.byte	39
 269 00f3 0E       		.byte	14
 270 00f4 28       		.byte	40
 271 00f5 1C       		.byte	28
 272 00f6 2A       		.byte	42
 273 00f7 02       		.byte	2
 274 00f8 30       		.byte	48
 275 00f9 1F       		.byte	31
 276 00fa 31       		.byte	49
 277 00fb C0       		.byte	-64
 278 00fc 33       		.byte	51
 279 00fd 0F       		.byte	15
 280 00fe 34       		.byte	52
 281 00ff 20       		.byte	32
 282 0100 35       		.byte	53
 283 0101 30       		.byte	48
 284 0102 39       		.byte	57
 285 0103 22       		.byte	34
ARM GAS  C:\Users\jobaek\AppData\Local\Temp\ccWf1MEf.s 			page 6


 286 0104 3B       		.byte	59
 287 0105 08       		.byte	8
 288 0106 3E       		.byte	62
 289 0107 10       		.byte	16
 290 0108 3F       		.byte	63
 291 0109 10       		.byte	16
 292 010a 40       		.byte	64
 293 010b 02       		.byte	2
 294 010c 45       		.byte	69
 295 010d 04       		.byte	4
 296 010e 49       		.byte	73
 297 010f FF       		.byte	-1
 298 0110 4A       		.byte	74
 299 0111 07       		.byte	7
 300 0112 4B       		.byte	75
 301 0113 FF       		.byte	-1
 302 0114 4C       		.byte	76
 303 0115 40       		.byte	64
 304 0116 4D       		.byte	77
 305 0117 20       		.byte	32
 306 0118 4E       		.byte	78
 307 0119 F0       		.byte	-16
 308 011a 4F       		.byte	79
 309 011b 05       		.byte	5
 310 011c 50       		.byte	80
 311 011d 08       		.byte	8
 312 011e 58       		.byte	88
 313 011f 04       		.byte	4
 314 0120 59       		.byte	89
 315 0121 04       		.byte	4
 316 0122 5A       		.byte	90
 317 0123 04       		.byte	4
 318 0124 5F       		.byte	95
 319 0125 01       		.byte	1
 320 0126 60       		.byte	96
 321 0127 40       		.byte	64
 322 0128 61       		.byte	97
 323 0129 A8       		.byte	-88
 324 012a 62       		.byte	98
 325 012b 40       		.byte	64
 326 012c 63       		.byte	99
 327 012d 20       		.byte	32
 328 012e 81       		.byte	-127
 329 012f 48       		.byte	72
 330 0130 82       		.byte	-126
 331 0131 35       		.byte	53
 332 0132 83       		.byte	-125
 333 0133 34       		.byte	52
 334 0134 84       		.byte	-124
 335 0135 4A       		.byte	74
 336 0136 85       		.byte	-123
 337 0137 F8       		.byte	-8
 338 0138 86       		.byte	-122
 339 0139 34       		.byte	52
 340 013a 88       		.byte	-120
 341 013b 13       		.byte	19
 342 013c 8A       		.byte	-118
ARM GAS  C:\Users\jobaek\AppData\Local\Temp\ccWf1MEf.s 			page 7


 343 013d 2C       		.byte	44
 344 013e 8D       		.byte	-115
 345 013f 20       		.byte	32
 346 0140 8E       		.byte	-114
 347 0141 48       		.byte	72
 348 0142 8F       		.byte	-113
 349 0143 C2       		.byte	-62
 350 0144 93       		.byte	-109
 351 0145 01       		.byte	1
 352 0146 95       		.byte	-107
 353 0147 01       		.byte	1
 354 0148 98       		.byte	-104
 355 0149 03       		.byte	3
 356 014a 99       		.byte	-103
 357 014b 90       		.byte	-112
 358 014c 9A       		.byte	-102
 359 014d 14       		.byte	20
 360 014e 9B       		.byte	-101
 361 014f 2C       		.byte	44
 362 0150 A1       		.byte	-95
 363 0151 01       		.byte	1
 364 0152 A4       		.byte	-92
 365 0153 13       		.byte	19
 366 0154 A6       		.byte	-90
 367 0155 64       		.byte	100
 368 0156 A9       		.byte	-87
 369 0157 F8       		.byte	-8
 370 0158 AA       		.byte	-86
 371 0159 40       		.byte	64
 372 015a AF       		.byte	-81
 373 015b 01       		.byte	1
 374 015c B0       		.byte	-80
 375 015d 10       		.byte	16
 376 015e B1       		.byte	-79
 377 015f 06       		.byte	6
 378 0160 B2       		.byte	-78
 379 0161 68       		.byte	104
 380 0162 B3       		.byte	-77
 381 0163 01       		.byte	1
 382 0164 B4       		.byte	-76
 383 0165 0F       		.byte	15
 384 0166 B5       		.byte	-75
 385 0167 18       		.byte	24
 386 0168 B7       		.byte	-73
 387 0169 E0       		.byte	-32
 388 016a B9       		.byte	-71
 389 016b 08       		.byte	8
 390 016c BA       		.byte	-70
 391 016d 28       		.byte	40
 392 016e BE       		.byte	-66
 393 016f 01       		.byte	1
 394 0170 BF       		.byte	-65
 395 0171 01       		.byte	1
 396 0172 C0       		.byte	-64
 397 0173 24       		.byte	36
 398 0174 C1       		.byte	-63
 399 0175 03       		.byte	3
ARM GAS  C:\Users\jobaek\AppData\Local\Temp\ccWf1MEf.s 			page 8


 400 0176 C5       		.byte	-59
 401 0177 0C       		.byte	12
 402 0178 C6       		.byte	-58
 403 0179 CE       		.byte	-50
 404 017a C7       		.byte	-57
 405 017b 0B       		.byte	11
 406 017c C8       		.byte	-56
 407 017d 1D       		.byte	29
 408 017e C9       		.byte	-55
 409 017f FF       		.byte	-1
 410 0180 CA       		.byte	-54
 411 0181 FF       		.byte	-1
 412 0182 CB       		.byte	-53
 413 0183 FF       		.byte	-1
 414 0184 CE       		.byte	-50
 415 0185 F0       		.byte	-16
 416 0186 CF       		.byte	-49
 417 0187 44       		.byte	68
 418 0188 D0       		.byte	-48
 419 0189 0C       		.byte	12
 420 018a D4       		.byte	-44
 421 018b 01       		.byte	1
 422 018c D8       		.byte	-40
 423 018d 04       		.byte	4
 424 018e D9       		.byte	-39
 425 018f 04       		.byte	4
 426 0190 DA       		.byte	-38
 427 0191 04       		.byte	4
 428 0192 DB       		.byte	-37
 429 0193 04       		.byte	4
 430 0194 DF       		.byte	-33
 431 0195 01       		.byte	1
 432 0196 E6       		.byte	-26
 433 0197 C0       		.byte	-64
 434 0198 EA       		.byte	-22
 435 0199 40       		.byte	64
 436 019a EB       		.byte	-21
 437 019b 02       		.byte	2
 438 019c 00       		.byte	0
 439 019d 60       		.byte	96
 440 019e 01       		.byte	1
 441 019f 02       		.byte	2
 442 01a0 03       		.byte	3
 443 01a1 10       		.byte	16
 444 01a2 04       		.byte	4
 445 01a3 40       		.byte	64
 446 01a4 05       		.byte	5
 447 01a5 10       		.byte	16
 448 01a6 06       		.byte	6
 449 01a7 41       		.byte	65
 450 01a8 07       		.byte	7
 451 01a9 20       		.byte	32
 452 01aa 08       		.byte	8
 453 01ab 20       		.byte	32
 454 01ac 09       		.byte	9
 455 01ad 09       		.byte	9
 456 01ae 0F       		.byte	15
ARM GAS  C:\Users\jobaek\AppData\Local\Temp\ccWf1MEf.s 			page 9


 457 01af 08       		.byte	8
 458 01b0 11       		.byte	17
 459 01b1 08       		.byte	8
 460 01b2 13       		.byte	19
 461 01b3 20       		.byte	32
 462 01b4 14       		.byte	20
 463 01b5 20       		.byte	32
 464 01b6 16       		.byte	22
 465 01b7 04       		.byte	4
 466 01b8 18       		.byte	24
 467 01b9 04       		.byte	4
 468 01ba 19       		.byte	25
 469 01bb 02       		.byte	2
 470 01bc 1D       		.byte	29
 471 01bd 14       		.byte	20
 472 01be 1E       		.byte	30
 473 01bf 40       		.byte	64
 474 01c0 20       		.byte	32
 475 01c1 40       		.byte	64
 476 01c2 21       		.byte	33
 477 01c3 10       		.byte	16
 478 01c4 22       		.byte	34
 479 01c5 04       		.byte	4
 480 01c6 23       		.byte	35
 481 01c7 20       		.byte	32
 482 01c8 25       		.byte	37
 483 01c9 48       		.byte	72
 484 01ca 26       		.byte	38
 485 01cb 10       		.byte	16
 486 01cc 27       		.byte	39
 487 01cd 40       		.byte	64
 488 01ce 28       		.byte	40
 489 01cf 20       		.byte	32
 490 01d0 29       		.byte	41
 491 01d1 04       		.byte	4
 492 01d2 2A       		.byte	42
 493 01d3 01       		.byte	1
 494 01d4 2C       		.byte	44
 495 01d5 41       		.byte	65
 496 01d6 2F       		.byte	47
 497 01d7 08       		.byte	8
 498 01d8 31       		.byte	49
 499 01d9 10       		.byte	16
 500 01da 32       		.byte	50
 501 01db 04       		.byte	4
 502 01dc 33       		.byte	51
 503 01dd 10       		.byte	16
 504 01de 35       		.byte	53
 505 01df 21       		.byte	33
 506 01e0 36       		.byte	54
 507 01e1 14       		.byte	20
 508 01e2 38       		.byte	56
 509 01e3 80       		.byte	-128
 510 01e4 3A       		.byte	58
 511 01e5 04       		.byte	4
 512 01e6 3B       		.byte	59
 513 01e7 04       		.byte	4
ARM GAS  C:\Users\jobaek\AppData\Local\Temp\ccWf1MEf.s 			page 10


 514 01e8 3D       		.byte	61
 515 01e9 80       		.byte	-128
 516 01ea 3E       		.byte	62
 517 01eb 06       		.byte	6
 518 01ec 41       		.byte	65
 519 01ed 10       		.byte	16
 520 01ee 44       		.byte	68
 521 01ef 20       		.byte	32
 522 01f0 46       		.byte	70
 523 01f1 40       		.byte	64
 524 01f2 47       		.byte	71
 525 01f3 10       		.byte	16
 526 01f4 48       		.byte	72
 527 01f5 10       		.byte	16
 528 01f6 4B       		.byte	75
 529 01f7 04       		.byte	4
 530 01f8 4F       		.byte	79
 531 01f9 08       		.byte	8
 532 01fa 50       		.byte	80
 533 01fb 40       		.byte	64
 534 01fc 52       		.byte	82
 535 01fd 40       		.byte	64
 536 01fe 55       		.byte	85
 537 01ff 04       		.byte	4
 538 0200 57       		.byte	87
 539 0201 50       		.byte	80
 540 0202 5D       		.byte	93
 541 0203 01       		.byte	1
 542 0204 5E       		.byte	94
 543 0205 40       		.byte	64
 544 0206 5F       		.byte	95
 545 0207 18       		.byte	24
 546 0208 63       		.byte	99
 547 0209 30       		.byte	48
 548 020a 79       		.byte	121
 549 020b 01       		.byte	1
 550 020c 7B       		.byte	123
 551 020d 40       		.byte	64
 552 020e 89       		.byte	-119
 553 020f 48       		.byte	72
 554 0210 8A       		.byte	-118
 555 0211 02       		.byte	2
 556 0212 92       		.byte	-110
 557 0213 04       		.byte	4
 558 0214 94       		.byte	-108
 559 0215 04       		.byte	4
 560 0216 98       		.byte	-104
 561 0217 41       		.byte	65
 562 0218 99       		.byte	-103
 563 0219 01       		.byte	1
 564 021a 9B       		.byte	-101
 565 021b 08       		.byte	8
 566 021c 9D       		.byte	-99
 567 021d 6A       		.byte	106
 568 021e 9F       		.byte	-97
 569 021f 40       		.byte	64
 570 0220 A1       		.byte	-95
ARM GAS  C:\Users\jobaek\AppData\Local\Temp\ccWf1MEf.s 			page 11


 571 0221 01       		.byte	1
 572 0222 A2       		.byte	-94
 573 0223 04       		.byte	4
 574 0224 A3       		.byte	-93
 575 0225 08       		.byte	8
 576 0226 A5       		.byte	-91
 577 0227 40       		.byte	64
 578 0228 A7       		.byte	-89
 579 0229 40       		.byte	64
 580 022a C0       		.byte	-64
 581 022b FF       		.byte	-1
 582 022c C2       		.byte	-62
 583 022d 4E       		.byte	78
 584 022e C4       		.byte	-60
 585 022f 66       		.byte	102
 586 0230 CA       		.byte	-54
 587 0231 B3       		.byte	-77
 588 0232 CC       		.byte	-52
 589 0233 E6       		.byte	-26
 590 0234 CE       		.byte	-50
 591 0235 DA       		.byte	-38
 592 0236 D0       		.byte	-48
 593 0237 E4       		.byte	-28
 594 0238 D6       		.byte	-42
 595 0239 F0       		.byte	-16
 596 023a 87       		.byte	-121
 597 023b 10       		.byte	16
 598 023c 10       		.byte	16
 599 023d 40       		.byte	64
 600 023e 73       		.byte	115
 601 023f 10       		.byte	16
 602 0240 88       		.byte	-120
 603 0241 40       		.byte	64
 604 0242 93       		.byte	-109
 605 0243 10       		.byte	16
 606 0244 C4       		.byte	-60
 607 0245 08       		.byte	8
 608 0246 DC       		.byte	-36
 609 0247 01       		.byte	1
 610 0248 E2       		.byte	-30
 611 0249 01       		.byte	1
 612 024a 10       		.byte	16
 613 024b 01       		.byte	1
 614 024c 1C       		.byte	28
 615 024d 01       		.byte	1
 616 024e 00       		.byte	0
 617 024f 00       		.byte	0
 618 0250 1F       		.byte	31
 619 0251 10       		.byte	16
 620 0252 20       		.byte	32
 621 0253 00       		.byte	0
 622 0254 01       		.byte	1
 623 0255 00       		.byte	0
 624 0256 00       		.byte	0
 625 0257 04       		.byte	4
 626 0258 02       		.byte	2
 627 0259 00       		.byte	0
ARM GAS  C:\Users\jobaek\AppData\Local\Temp\ccWf1MEf.s 			page 12


 628 025a 00       		.byte	0
 629 025b E3       		.byte	-29
 630 025c 08       		.byte	8
 631 025d C0       		.byte	-64
 632 025e 00       		.byte	0
 633 025f 00       		.byte	0
 634 0260 1C       		.byte	28
 635 0261 1C       		.byte	28
 636 0262 23       		.byte	35
 637 0263 E1       		.byte	-31
 638 0264 00       		.byte	0
 639 0265 08       		.byte	8
 640 0266 23       		.byte	35
 641 0267 00       		.byte	0
 642 0268 33       		.byte	51
 643 0269 18       		.byte	24
 644 026a 0C       		.byte	12
 645 026b 00       		.byte	0
 646 026c 3F       		.byte	63
 647 026d 44       		.byte	68
 648 026e 00       		.byte	0
 649 026f 00       		.byte	0
 650 0270 03       		.byte	3
 651 0271 FF       		.byte	-1
 652 0272 00       		.byte	0
 653 0273 00       		.byte	0
 654 0274 04       		.byte	4
 655 0275 E7       		.byte	-25
 656 0276 00       		.byte	0
 657 0277 18       		.byte	24
 658 0278 0C       		.byte	12
 659 0279 80       		.byte	-128
 660 027a 00       		.byte	0
 661 027b 00       		.byte	0
 662 027c 00       		.byte	0
 663 027d 3C       		.byte	60
 664 027e 00       		.byte	0
 665 027f C2       		.byte	-62
 666 0280 2C       		.byte	44
 667 0281 1F       		.byte	31
 668 0282 10       		.byte	16
 669 0283 38       		.byte	56
 670 0284 0F       		.byte	15
 671 0285 00       		.byte	0
 672 0286 00       		.byte	0
 673 0287 C0       		.byte	-64
 674 0288 00       		.byte	0
 675 0289 00       		.byte	0
 676 028a A2       		.byte	-94
 677 028b 02       		.byte	2
 678 028c 00       		.byte	0
 679 028d 00       		.byte	0
 680 028e 04       		.byte	4
 681 028f 00       		.byte	0
 682 0290 26       		.byte	38
 683 0291 04       		.byte	4
 684 0292 03       		.byte	3
ARM GAS  C:\Users\jobaek\AppData\Local\Temp\ccWf1MEf.s 			page 13


 685 0293 00       		.byte	0
 686 0294 01       		.byte	1
 687 0295 00       		.byte	0
 688 0296 0C       		.byte	12
 689 0297 E0       		.byte	-32
 690 0298 24       		.byte	36
 691 0299 FF       		.byte	-1
 692 029a FF       		.byte	-1
 693 029b FF       		.byte	-1
 694 029c 62       		.byte	98
 695 029d A0       		.byte	-96
 696 029e F0       		.byte	-16
 697 029f 41       		.byte	65
 698 02a0 0C       		.byte	12
 699 02a1 00       		.byte	0
 700 02a2 00       		.byte	0
 701 02a3 00       		.byte	0
 702 02a4 00       		.byte	0
 703 02a5 00       		.byte	0
 704 02a6 02       		.byte	2
 705 02a7 11       		.byte	17
 706 02a8 04       		.byte	4
 707 02a9 04       		.byte	4
 708 02aa 04       		.byte	4
 709 02ab 04       		.byte	4
 710 02ac 00       		.byte	0
 711 02ad 00       		.byte	0
 712 02ae 00       		.byte	0
 713 02af 01       		.byte	1
 714 02b0 00       		.byte	0
 715 02b1 00       		.byte	0
 716 02b2 00       		.byte	0
 717 02b3 00       		.byte	0
 718 02b4 00       		.byte	0
 719 02b5 00       		.byte	0
 720 02b6 40       		.byte	64
 721 02b7 02       		.byte	2
 722 02b8 00       		.byte	0
 723 02b9 10       		.byte	16
 724 02ba 30       		.byte	48
 725 02bb 10       		.byte	16
 726 02bc 00       		.byte	0
 727 02bd 10       		.byte	16
 728 02be 10       		.byte	16
 729 02bf 12       		.byte	18
 730 02c0 00       		.byte	0
 731 02c1 00       		.byte	0
 732 02c2 00       		.byte	0
 733 02c3 00       		.byte	0
 734 02c4 00       		.byte	0
 735 02c5 00       		.byte	0
 736 02c6 00       		.byte	0
 737 02c7 00       		.byte	0
 738 02c8 00       		.byte	0
 739 02c9 00       		.byte	0
 740 02ca 00       		.byte	0
 741 02cb 00       		.byte	0
ARM GAS  C:\Users\jobaek\AppData\Local\Temp\ccWf1MEf.s 			page 14


 742 02cc 00       		.byte	0
 743 02cd 00       		.byte	0
 744 02ce 00       		.byte	0
 745 02cf 00       		.byte	0
 746 02d0 80       		.byte	-128
 747 02d1 00       		.byte	0
 748 02d2 40       		.byte	64
 749 02d3 80       		.byte	-128
 750 02d4 80       		.byte	-128
 751 02d5 00       		.byte	0
 752 02d6 80       		.byte	-128
 753 02d7 00       		.byte	0
 754 02d8 00       		.byte	0
 755 02d9 00       		.byte	0
 756 02da 00       		.byte	0
 757 02db 00       		.byte	0
 758 02dc 00       		.byte	0
 759 02dd 0B       		.byte	11
 760 02de 0B       		.byte	11
 761 02df 00       		.byte	0
 762 02e0 00       		.byte	0
 763 02e1 00       		.byte	0
 764 02e2 00       		.byte	0
 765 02e3 00       		.byte	0
 766 02e4 00       		.byte	0
 767 02e5 02       		.byte	2
 768 02e6 02       		.byte	2
 769 02e7 00       		.byte	0
 770 02e8 00       		.byte	0
 771 02e9 00       		.byte	0
 772 02ea 00       		.byte	0
 773 02eb 00       		.byte	0
 774              		.section	.cyloadablemeta,"a",%progbits
 775              		.align	2
 776              		.type	cy_meta_loadable, %object
 777              		.size	cy_meta_loadable, 64
 778              	cy_meta_loadable:
 779 0000 00000000 		.space	64
 779      00000000 
 779      00000000 
 779      00000000 
 779      00000000 
 780              		.text
 781              	.Letext0:
 782              		.file 1 "c:\\program files (x86)\\cypress\\psoc creator\\4.4\\psoc creator\\import\\gnu\\arm\\5.4.
 783              		.file 2 "c:\\program files (x86)\\cypress\\psoc creator\\4.4\\psoc creator\\import\\gnu\\arm\\5.4.
 784              		.file 3 "Generated_Source\\PSoC5\\cymetadata.c"
 785              		.section	.debug_info,"",%progbits
 786              	.Ldebug_info0:
 787 0000 CF000000 		.4byte	0xcf
 788 0004 0400     		.2byte	0x4
 789 0006 00000000 		.4byte	.Ldebug_abbrev0
 790 000a 04       		.byte	0x4
 791 000b 01       		.uleb128 0x1
 792 000c 18000000 		.4byte	.LASF14
 793 0010 0C       		.byte	0xc
 794 0011 86010000 		.4byte	.LASF15
ARM GAS  C:\Users\jobaek\AppData\Local\Temp\ccWf1MEf.s 			page 15


 795 0015 DD000000 		.4byte	.LASF16
 796 0019 00000000 		.4byte	.Ldebug_line0
 797 001d 02       		.uleb128 0x2
 798 001e 01       		.byte	0x1
 799 001f 06       		.byte	0x6
 800 0020 7A010000 		.4byte	.LASF0
 801 0024 03       		.uleb128 0x3
 802 0025 00000000 		.4byte	.LASF9
 803 0029 01       		.byte	0x1
 804 002a 1D       		.byte	0x1d
 805 002b 2F000000 		.4byte	0x2f
 806 002f 02       		.uleb128 0x2
 807 0030 01       		.byte	0x1
 808 0031 08       		.byte	0x8
 809 0032 0A000000 		.4byte	.LASF1
 810 0036 02       		.uleb128 0x2
 811 0037 02       		.byte	0x2
 812 0038 05       		.byte	0x5
 813 0039 67010000 		.4byte	.LASF2
 814 003d 02       		.uleb128 0x2
 815 003e 02       		.byte	0x2
 816 003f 07       		.byte	0x7
 817 0040 B8000000 		.4byte	.LASF3
 818 0044 02       		.uleb128 0x2
 819 0045 04       		.byte	0x4
 820 0046 05       		.byte	0x5
 821 0047 71010000 		.4byte	.LASF4
 822 004b 02       		.uleb128 0x2
 823 004c 04       		.byte	0x4
 824 004d 07       		.byte	0x7
 825 004e A6000000 		.4byte	.LASF5
 826 0052 02       		.uleb128 0x2
 827 0053 08       		.byte	0x8
 828 0054 05       		.byte	0x5
 829 0055 59010000 		.4byte	.LASF6
 830 0059 02       		.uleb128 0x2
 831 005a 08       		.byte	0x8
 832 005b 07       		.byte	0x7
 833 005c 20010000 		.4byte	.LASF7
 834 0060 04       		.uleb128 0x4
 835 0061 04       		.byte	0x4
 836 0062 05       		.byte	0x5
 837 0063 696E7400 		.ascii	"int\000"
 838 0067 02       		.uleb128 0x2
 839 0068 04       		.byte	0x4
 840 0069 07       		.byte	0x7
 841 006a 13010000 		.4byte	.LASF8
 842 006e 03       		.uleb128 0x3
 843 006f 37010000 		.4byte	.LASF10
 844 0073 02       		.byte	0x2
 845 0074 18       		.byte	0x18
 846 0075 24000000 		.4byte	0x24
 847 0079 05       		.uleb128 0x5
 848 007a 90000000 		.4byte	0x90
 849 007e 89000000 		.4byte	0x89
 850 0082 06       		.uleb128 0x6
 851 0083 89000000 		.4byte	0x89
ARM GAS  C:\Users\jobaek\AppData\Local\Temp\ccWf1MEf.s 			page 16


 852 0087 3F       		.byte	0x3f
 853 0088 00       		.byte	0
 854 0089 02       		.uleb128 0x2
 855 008a 04       		.byte	0x4
 856 008b 07       		.byte	0x7
 857 008c 50010000 		.4byte	.LASF11
 858 0090 07       		.uleb128 0x7
 859 0091 6E000000 		.4byte	0x6e
 860 0095 08       		.uleb128 0x8
 861 0096 3F010000 		.4byte	.LASF12
 862 009a 03       		.byte	0x3
 863 009b 1F       		.byte	0x1f
 864 009c A6000000 		.4byte	0xa6
 865 00a0 05       		.uleb128 0x5
 866 00a1 03       		.byte	0x3
 867 00a2 00000000 		.4byte	cy_meta_loadable
 868 00a6 07       		.uleb128 0x7
 869 00a7 79000000 		.4byte	0x79
 870 00ab 05       		.uleb128 0x5
 871 00ac 90000000 		.4byte	0x90
 872 00b0 BC000000 		.4byte	0xbc
 873 00b4 09       		.uleb128 0x9
 874 00b5 89000000 		.4byte	0x89
 875 00b9 EB02     		.2byte	0x2eb
 876 00bb 00       		.byte	0
 877 00bc 08       		.uleb128 0x8
 878 00bd CB000000 		.4byte	.LASF13
 879 00c1 03       		.byte	0x3
 880 00c2 34       		.byte	0x34
 881 00c3 CD000000 		.4byte	0xcd
 882 00c7 05       		.uleb128 0x5
 883 00c8 03       		.byte	0x3
 884 00c9 00000000 		.4byte	cy_meta_configecc
 885 00cd 07       		.uleb128 0x7
 886 00ce AB000000 		.4byte	0xab
 887 00d2 00       		.byte	0
 888              		.section	.debug_abbrev,"",%progbits
 889              	.Ldebug_abbrev0:
 890 0000 01       		.uleb128 0x1
 891 0001 11       		.uleb128 0x11
 892 0002 01       		.byte	0x1
 893 0003 25       		.uleb128 0x25
 894 0004 0E       		.uleb128 0xe
 895 0005 13       		.uleb128 0x13
 896 0006 0B       		.uleb128 0xb
 897 0007 03       		.uleb128 0x3
 898 0008 0E       		.uleb128 0xe
 899 0009 1B       		.uleb128 0x1b
 900 000a 0E       		.uleb128 0xe
 901 000b 10       		.uleb128 0x10
 902 000c 17       		.uleb128 0x17
 903 000d 00       		.byte	0
 904 000e 00       		.byte	0
 905 000f 02       		.uleb128 0x2
 906 0010 24       		.uleb128 0x24
 907 0011 00       		.byte	0
 908 0012 0B       		.uleb128 0xb
ARM GAS  C:\Users\jobaek\AppData\Local\Temp\ccWf1MEf.s 			page 17


 909 0013 0B       		.uleb128 0xb
 910 0014 3E       		.uleb128 0x3e
 911 0015 0B       		.uleb128 0xb
 912 0016 03       		.uleb128 0x3
 913 0017 0E       		.uleb128 0xe
 914 0018 00       		.byte	0
 915 0019 00       		.byte	0
 916 001a 03       		.uleb128 0x3
 917 001b 16       		.uleb128 0x16
 918 001c 00       		.byte	0
 919 001d 03       		.uleb128 0x3
 920 001e 0E       		.uleb128 0xe
 921 001f 3A       		.uleb128 0x3a
 922 0020 0B       		.uleb128 0xb
 923 0021 3B       		.uleb128 0x3b
 924 0022 0B       		.uleb128 0xb
 925 0023 49       		.uleb128 0x49
 926 0024 13       		.uleb128 0x13
 927 0025 00       		.byte	0
 928 0026 00       		.byte	0
 929 0027 04       		.uleb128 0x4
 930 0028 24       		.uleb128 0x24
 931 0029 00       		.byte	0
 932 002a 0B       		.uleb128 0xb
 933 002b 0B       		.uleb128 0xb
 934 002c 3E       		.uleb128 0x3e
 935 002d 0B       		.uleb128 0xb
 936 002e 03       		.uleb128 0x3
 937 002f 08       		.uleb128 0x8
 938 0030 00       		.byte	0
 939 0031 00       		.byte	0
 940 0032 05       		.uleb128 0x5
 941 0033 01       		.uleb128 0x1
 942 0034 01       		.byte	0x1
 943 0035 49       		.uleb128 0x49
 944 0036 13       		.uleb128 0x13
 945 0037 01       		.uleb128 0x1
 946 0038 13       		.uleb128 0x13
 947 0039 00       		.byte	0
 948 003a 00       		.byte	0
 949 003b 06       		.uleb128 0x6
 950 003c 21       		.uleb128 0x21
 951 003d 00       		.byte	0
 952 003e 49       		.uleb128 0x49
 953 003f 13       		.uleb128 0x13
 954 0040 2F       		.uleb128 0x2f
 955 0041 0B       		.uleb128 0xb
 956 0042 00       		.byte	0
 957 0043 00       		.byte	0
 958 0044 07       		.uleb128 0x7
 959 0045 26       		.uleb128 0x26
 960 0046 00       		.byte	0
 961 0047 49       		.uleb128 0x49
 962 0048 13       		.uleb128 0x13
 963 0049 00       		.byte	0
 964 004a 00       		.byte	0
 965 004b 08       		.uleb128 0x8
ARM GAS  C:\Users\jobaek\AppData\Local\Temp\ccWf1MEf.s 			page 18


 966 004c 34       		.uleb128 0x34
 967 004d 00       		.byte	0
 968 004e 03       		.uleb128 0x3
 969 004f 0E       		.uleb128 0xe
 970 0050 3A       		.uleb128 0x3a
 971 0051 0B       		.uleb128 0xb
 972 0052 3B       		.uleb128 0x3b
 973 0053 0B       		.uleb128 0xb
 974 0054 49       		.uleb128 0x49
 975 0055 13       		.uleb128 0x13
 976 0056 3F       		.uleb128 0x3f
 977 0057 19       		.uleb128 0x19
 978 0058 02       		.uleb128 0x2
 979 0059 18       		.uleb128 0x18
 980 005a 00       		.byte	0
 981 005b 00       		.byte	0
 982 005c 09       		.uleb128 0x9
 983 005d 21       		.uleb128 0x21
 984 005e 00       		.byte	0
 985 005f 49       		.uleb128 0x49
 986 0060 13       		.uleb128 0x13
 987 0061 2F       		.uleb128 0x2f
 988 0062 05       		.uleb128 0x5
 989 0063 00       		.byte	0
 990 0064 00       		.byte	0
 991 0065 00       		.byte	0
 992              		.section	.debug_aranges,"",%progbits
 993 0000 14000000 		.4byte	0x14
 994 0004 0200     		.2byte	0x2
 995 0006 00000000 		.4byte	.Ldebug_info0
 996 000a 04       		.byte	0x4
 997 000b 00       		.byte	0
 998 000c 0000     		.2byte	0
 999 000e 0000     		.2byte	0
 1000 0010 00000000 		.4byte	0
 1001 0014 00000000 		.4byte	0
 1002              		.section	.debug_line,"",%progbits
 1003              	.Ldebug_line0:
 1004 0000 3D010000 		.section	.debug_str,"MS",%progbits,1
 1004      02003701 
 1004      00000201 
 1004      FB0E0D00 
 1004      01010101 
 1005              	.LASF9:
 1006 0000 5F5F7569 		.ascii	"__uint8_t\000"
 1006      6E74385F 
 1006      7400
 1007              	.LASF1:
 1008 000a 756E7369 		.ascii	"unsigned char\000"
 1008      676E6564 
 1008      20636861 
 1008      7200
 1009              	.LASF14:
 1010 0018 474E5520 		.ascii	"GNU C11 5.4.1 20160609 (release) [ARM/embedded-5-br"
 1010      43313120 
 1010      352E342E 
 1010      31203230 
ARM GAS  C:\Users\jobaek\AppData\Local\Temp\ccWf1MEf.s 			page 19


 1010      31363036 
 1011 004b 616E6368 		.ascii	"anch revision 237715] -mcpu=cortex-m3 -mthumb -g -O"
 1011      20726576 
 1011      6973696F 
 1011      6E203233 
 1011      37373135 
 1012 007e 67202D66 		.ascii	"g -ffunction-sections -ffat-lto-objects\000"
 1012      66756E63 
 1012      74696F6E 
 1012      2D736563 
 1012      74696F6E 
 1013              	.LASF5:
 1014 00a6 6C6F6E67 		.ascii	"long unsigned int\000"
 1014      20756E73 
 1014      69676E65 
 1014      6420696E 
 1014      7400
 1015              	.LASF3:
 1016 00b8 73686F72 		.ascii	"short unsigned int\000"
 1016      7420756E 
 1016      7369676E 
 1016      65642069 
 1016      6E7400
 1017              	.LASF13:
 1018 00cb 63795F6D 		.ascii	"cy_meta_configecc\000"
 1018      6574615F 
 1018      636F6E66 
 1018      69676563 
 1018      6300
 1019              	.LASF16:
 1020 00dd 443A5C57 		.ascii	"D:\\Work\\PSoC_Projects\\CY8CKIT-059\\UART_Exam_IAP"
 1020      6F726B5C 
 1020      50536F43 
 1020      5F50726F 
 1020      6A656374 
 1021 010c 2E637964 		.ascii	".cydsn\000"
 1021      736E00
 1022              	.LASF8:
 1023 0113 756E7369 		.ascii	"unsigned int\000"
 1023      676E6564 
 1023      20696E74 
 1023      00
 1024              	.LASF7:
 1025 0120 6C6F6E67 		.ascii	"long long unsigned int\000"
 1025      206C6F6E 
 1025      6720756E 
 1025      7369676E 
 1025      65642069 
 1026              	.LASF10:
 1027 0137 75696E74 		.ascii	"uint8_t\000"
 1027      385F7400 
 1028              	.LASF12:
 1029 013f 63795F6D 		.ascii	"cy_meta_loadable\000"
 1029      6574615F 
 1029      6C6F6164 
 1029      61626C65 
 1029      00
ARM GAS  C:\Users\jobaek\AppData\Local\Temp\ccWf1MEf.s 			page 20


 1030              	.LASF11:
 1031 0150 73697A65 		.ascii	"sizetype\000"
 1031      74797065 
 1031      00
 1032              	.LASF6:
 1033 0159 6C6F6E67 		.ascii	"long long int\000"
 1033      206C6F6E 
 1033      6720696E 
 1033      7400
 1034              	.LASF2:
 1035 0167 73686F72 		.ascii	"short int\000"
 1035      7420696E 
 1035      7400
 1036              	.LASF4:
 1037 0171 6C6F6E67 		.ascii	"long int\000"
 1037      20696E74 
 1037      00
 1038              	.LASF0:
 1039 017a 7369676E 		.ascii	"signed char\000"
 1039      65642063 
 1039      68617200 
 1040              	.LASF15:
 1041 0186 47656E65 		.ascii	"Generated_Source\\PSoC5\\cymetadata.c\000"
 1041      72617465 
 1041      645F536F 
 1041      75726365 
 1041      5C50536F 
 1042              		.ident	"GCC: (GNU Tools for ARM Embedded Processors) 5.4.1 20160609 (release) [ARM/embedded-5-bran
