ARM GAS  C:\Users\jobaek\AppData\Local\Temp\ccVQr82c.s 			page 1


   1              		.syntax unified
   2              		.cpu cortex-m3
   3              		.fpu softvfp
   4              		.eabi_attribute 20, 1
   5              		.eabi_attribute 21, 1
   6              		.eabi_attribute 23, 3
   7              		.eabi_attribute 24, 1
   8              		.eabi_attribute 25, 1
   9              		.eabi_attribute 26, 1
  10              		.eabi_attribute 30, 1
  11              		.eabi_attribute 34, 1
  12              		.eabi_attribute 18, 4
  13              		.thumb
  14              		.syntax unified
  15              		.file	"main.c"
  16              		.text
  17              	.Ltext0:
  18              		.cfi_sections	.debug_frame
  19              		.section	.text.main,"ax",%progbits
  20              		.align	2
  21              		.global	main
  22              		.thumb
  23              		.thumb_func
  24              		.type	main, %function
  25              	main:
  26              	.LFB63:
  27              		.file 1 "main.c"
   1:main.c        **** /* ========================================
   2:main.c        ****  *
   3:main.c        ****  * Copyright YOUR COMPANY, THE YEAR
   4:main.c        ****  * All Rights Reserved
   5:main.c        ****  * UNPUBLISHED, LICENSED SOFTWARE.
   6:main.c        ****  *
   7:main.c        ****  * CONFIDENTIAL AND PROPRIETARY INFORMATION
   8:main.c        ****  * WHICH IS THE PROPERTY OF your company.
   9:main.c        ****  *
  10:main.c        ****  * ========================================
  11:main.c        **** */
  12:main.c        **** #include "project.h"
  13:main.c        **** 
  14:main.c        **** int main(void)
  15:main.c        **** {
  28              		.loc 1 15 0
  29              		.cfi_startproc
  30              		@ Volatile: function does not return.
  31              		@ args = 0, pretend = 0, frame = 0
  32              		@ frame_needed = 0, uses_anonymous_args = 0
  33 0000 08B5     		push	{r3, lr}
  34              		.cfi_def_cfa_offset 8
  35              		.cfi_offset 3, -8
  36              		.cfi_offset 14, -4
  16:main.c        ****     CyGlobalIntEnable; /* Enable global interrupts. */
  37              		.loc 1 16 0
  38              		.syntax unified
  39              	@ 16 "main.c" 1
  40 0002 62B6     		CPSIE   i
  41              	@ 0 "" 2
ARM GAS  C:\Users\jobaek\AppData\Local\Temp\ccVQr82c.s 			page 2


  17:main.c        **** 
  18:main.c        ****     /* Place your initialization/startup code here (e.g. MyInst_Start()) */
  19:main.c        ****     mUART1_Start();
  42              		.loc 1 19 0
  43              		.thumb
  44              		.syntax unified
  45 0004 FFF7FEFF 		bl	mUART1_Start
  46              	.LVL0:
  47              	.L2:
  20:main.c        **** 
  21:main.c        ****     for(;;)
  22:main.c        ****     {
  23:main.c        ****         /* Place your application code here. */
  24:main.c        ****         LED_P21_Write(1);
  48              		.loc 1 24 0 discriminator 1
  49 0008 0120     		movs	r0, #1
  50 000a FFF7FEFF 		bl	LED_P21_Write
  51              	.LVL1:
  25:main.c        ****         CyDelay(500);
  52              		.loc 1 25 0 discriminator 1
  53 000e 4FF4FA70 		mov	r0, #500
  54 0012 FFF7FEFF 		bl	CyDelay
  55              	.LVL2:
  26:main.c        ****         
  27:main.c        ****         LED_P21_Write(0);
  56              		.loc 1 27 0 discriminator 1
  57 0016 0020     		movs	r0, #0
  58 0018 FFF7FEFF 		bl	LED_P21_Write
  59              	.LVL3:
  28:main.c        ****         CyDelay(500);
  60              		.loc 1 28 0 discriminator 1
  61 001c 4FF4FA70 		mov	r0, #500
  62 0020 FFF7FEFF 		bl	CyDelay
  63              	.LVL4:
  29:main.c        ****         
  30:main.c        ****         mUART1_PutString("Test Message !!! \r\n");
  64              		.loc 1 30 0 discriminator 1
  65 0024 0148     		ldr	r0, .L4
  66 0026 FFF7FEFF 		bl	mUART1_PutString
  67              	.LVL5:
  68 002a EDE7     		b	.L2
  69              	.L5:
  70              		.align	2
  71              	.L4:
  72 002c 00000000 		.word	.LC0
  73              		.cfi_endproc
  74              	.LFE63:
  75              		.size	main, .-main
  76              		.section	.rodata.str1.4,"aMS",%progbits,1
  77              		.align	2
  78              	.LC0:
  79 0000 54657374 		.ascii	"Test Message !!! \015\012\000"
  79      204D6573 
  79      73616765 
  79      20212121 
  79      200D0A00 
  80              		.text
ARM GAS  C:\Users\jobaek\AppData\Local\Temp\ccVQr82c.s 			page 3


  81              	.Letext0:
  82              		.file 2 "c:\\program files (x86)\\cypress\\psoc creator\\4.4\\psoc creator\\import\\gnu\\arm\\5.4.
  83              		.file 3 "c:\\program files (x86)\\cypress\\psoc creator\\4.4\\psoc creator\\import\\gnu\\arm\\5.4.
  84              		.file 4 "Generated_Source\\PSoC5/mUART1.h"
  85              		.file 5 "Generated_Source\\PSoC5/LED_P21.h"
  86              		.file 6 "Generated_Source\\PSoC5/CyLib.h"
  87              		.file 7 "Generated_Source\\PSoC5/core_cm3.h"
  88              		.section	.debug_info,"",%progbits
  89              	.Ldebug_info0:
  90 0000 64010000 		.4byte	0x164
  91 0004 0400     		.2byte	0x4
  92 0006 00000000 		.4byte	.Ldebug_abbrev0
  93 000a 04       		.byte	0x4
  94 000b 01       		.uleb128 0x1
  95 000c 48000000 		.4byte	.LASF20
  96 0010 0C       		.byte	0xc
  97 0011 2E000000 		.4byte	.LASF21
  98 0015 7D010000 		.4byte	.LASF22
  99 0019 00000000 		.4byte	.Ldebug_ranges0+0
 100 001d 00000000 		.4byte	0
 101 0021 00000000 		.4byte	.Ldebug_line0
 102 0025 02       		.uleb128 0x2
 103 0026 01       		.byte	0x1
 104 0027 06       		.byte	0x6
 105 0028 48010000 		.4byte	.LASF0
 106 002c 02       		.uleb128 0x2
 107 002d 01       		.byte	0x1
 108 002e 08       		.byte	0x8
 109 002f 07010000 		.4byte	.LASF1
 110 0033 02       		.uleb128 0x2
 111 0034 02       		.byte	0x2
 112 0035 05       		.byte	0x5
 113 0036 AF010000 		.4byte	.LASF2
 114 003a 02       		.uleb128 0x2
 115 003b 02       		.byte	0x2
 116 003c 07       		.byte	0x7
 117 003d 0E000000 		.4byte	.LASF3
 118 0041 03       		.uleb128 0x3
 119 0042 60010000 		.4byte	.LASF9
 120 0046 02       		.byte	0x2
 121 0047 3F       		.byte	0x3f
 122 0048 4C000000 		.4byte	0x4c
 123 004c 02       		.uleb128 0x2
 124 004d 04       		.byte	0x4
 125 004e 05       		.byte	0x5
 126 004f 2B010000 		.4byte	.LASF4
 127 0053 02       		.uleb128 0x2
 128 0054 04       		.byte	0x4
 129 0055 07       		.byte	0x7
 130 0056 DE000000 		.4byte	.LASF5
 131 005a 02       		.uleb128 0x2
 132 005b 08       		.byte	0x8
 133 005c 05       		.byte	0x5
 134 005d 00000000 		.4byte	.LASF6
 135 0061 02       		.uleb128 0x2
 136 0062 08       		.byte	0x8
 137 0063 07       		.byte	0x7
ARM GAS  C:\Users\jobaek\AppData\Local\Temp\ccVQr82c.s 			page 4


 138 0064 F0000000 		.4byte	.LASF7
 139 0068 04       		.uleb128 0x4
 140 0069 04       		.byte	0x4
 141 006a 05       		.byte	0x5
 142 006b 696E7400 		.ascii	"int\000"
 143 006f 02       		.uleb128 0x2
 144 0070 04       		.byte	0x4
 145 0071 07       		.byte	0x7
 146 0072 21000000 		.4byte	.LASF8
 147 0076 03       		.uleb128 0x3
 148 0077 B9010000 		.4byte	.LASF10
 149 007b 03       		.byte	0x3
 150 007c 2C       		.byte	0x2c
 151 007d 41000000 		.4byte	0x41
 152 0081 02       		.uleb128 0x2
 153 0082 04       		.byte	0x4
 154 0083 04       		.byte	0x4
 155 0084 77010000 		.4byte	.LASF11
 156 0088 02       		.uleb128 0x2
 157 0089 08       		.byte	0x8
 158 008a 04       		.byte	0x4
 159 008b 34010000 		.4byte	.LASF12
 160 008f 02       		.uleb128 0x2
 161 0090 01       		.byte	0x1
 162 0091 08       		.byte	0x8
 163 0092 15010000 		.4byte	.LASF13
 164 0096 02       		.uleb128 0x2
 165 0097 08       		.byte	0x8
 166 0098 04       		.byte	0x4
 167 0099 54010000 		.4byte	.LASF14
 168 009d 02       		.uleb128 0x2
 169 009e 04       		.byte	0x4
 170 009f 07       		.byte	0x7
 171 00a0 C1010000 		.4byte	.LASF15
 172 00a4 05       		.uleb128 0x5
 173 00a5 43000000 		.4byte	.LASF23
 174 00a9 01       		.byte	0x1
 175 00aa 0E       		.byte	0xe
 176 00ab 68000000 		.4byte	0x68
 177 00af 00000000 		.4byte	.LFB63
 178 00b3 30000000 		.4byte	.LFE63-.LFB63
 179 00b7 01       		.uleb128 0x1
 180 00b8 9C       		.byte	0x9c
 181 00b9 2A010000 		.4byte	0x12a
 182 00bd 06       		.uleb128 0x6
 183 00be 08000000 		.4byte	.LVL0
 184 00c2 3B010000 		.4byte	0x13b
 185 00c6 07       		.uleb128 0x7
 186 00c7 0E000000 		.4byte	.LVL1
 187 00cb 46010000 		.4byte	0x146
 188 00cf D9000000 		.4byte	0xd9
 189 00d3 08       		.uleb128 0x8
 190 00d4 01       		.uleb128 0x1
 191 00d5 50       		.byte	0x50
 192 00d6 01       		.uleb128 0x1
 193 00d7 31       		.byte	0x31
 194 00d8 00       		.byte	0
ARM GAS  C:\Users\jobaek\AppData\Local\Temp\ccVQr82c.s 			page 5


 195 00d9 07       		.uleb128 0x7
 196 00da 16000000 		.4byte	.LVL2
 197 00de 51010000 		.4byte	0x151
 198 00e2 EE000000 		.4byte	0xee
 199 00e6 08       		.uleb128 0x8
 200 00e7 01       		.uleb128 0x1
 201 00e8 50       		.byte	0x50
 202 00e9 03       		.uleb128 0x3
 203 00ea 0A       		.byte	0xa
 204 00eb F401     		.2byte	0x1f4
 205 00ed 00       		.byte	0
 206 00ee 07       		.uleb128 0x7
 207 00ef 1C000000 		.4byte	.LVL3
 208 00f3 46010000 		.4byte	0x146
 209 00f7 01010000 		.4byte	0x101
 210 00fb 08       		.uleb128 0x8
 211 00fc 01       		.uleb128 0x1
 212 00fd 50       		.byte	0x50
 213 00fe 01       		.uleb128 0x1
 214 00ff 30       		.byte	0x30
 215 0100 00       		.byte	0
 216 0101 07       		.uleb128 0x7
 217 0102 24000000 		.4byte	.LVL4
 218 0106 51010000 		.4byte	0x151
 219 010a 16010000 		.4byte	0x116
 220 010e 08       		.uleb128 0x8
 221 010f 01       		.uleb128 0x1
 222 0110 50       		.byte	0x50
 223 0111 03       		.uleb128 0x3
 224 0112 0A       		.byte	0xa
 225 0113 F401     		.2byte	0x1f4
 226 0115 00       		.byte	0
 227 0116 09       		.uleb128 0x9
 228 0117 2A000000 		.4byte	.LVL5
 229 011b 5C010000 		.4byte	0x15c
 230 011f 08       		.uleb128 0x8
 231 0120 01       		.uleb128 0x1
 232 0121 50       		.byte	0x50
 233 0122 05       		.uleb128 0x5
 234 0123 03       		.byte	0x3
 235 0124 00000000 		.4byte	.LC0
 236 0128 00       		.byte	0
 237 0129 00       		.byte	0
 238 012a 0A       		.uleb128 0xa
 239 012b 3B010000 		.4byte	.LASF24
 240 012f 07       		.byte	0x7
 241 0130 1207     		.2byte	0x712
 242 0132 36010000 		.4byte	0x136
 243 0136 0B       		.uleb128 0xb
 244 0137 76000000 		.4byte	0x76
 245 013b 0C       		.uleb128 0xc
 246 013c 6A010000 		.4byte	.LASF16
 247 0140 6A010000 		.4byte	.LASF16
 248 0144 04       		.byte	0x4
 249 0145 54       		.byte	0x54
 250 0146 0C       		.uleb128 0xc
 251 0147 35000000 		.4byte	.LASF17
ARM GAS  C:\Users\jobaek\AppData\Local\Temp\ccVQr82c.s 			page 6


 252 014b 35000000 		.4byte	.LASF17
 253 014f 05       		.byte	0x5
 254 0150 26       		.byte	0x26
 255 0151 0C       		.uleb128 0xc
 256 0152 D6000000 		.4byte	.LASF18
 257 0156 D6000000 		.4byte	.LASF18
 258 015a 06       		.byte	0x6
 259 015b 76       		.byte	0x76
 260 015c 0C       		.uleb128 0xc
 261 015d 1A010000 		.4byte	.LASF19
 262 0161 1A010000 		.4byte	.LASF19
 263 0165 04       		.byte	0x4
 264 0166 8B       		.byte	0x8b
 265 0167 00       		.byte	0
 266              		.section	.debug_abbrev,"",%progbits
 267              	.Ldebug_abbrev0:
 268 0000 01       		.uleb128 0x1
 269 0001 11       		.uleb128 0x11
 270 0002 01       		.byte	0x1
 271 0003 25       		.uleb128 0x25
 272 0004 0E       		.uleb128 0xe
 273 0005 13       		.uleb128 0x13
 274 0006 0B       		.uleb128 0xb
 275 0007 03       		.uleb128 0x3
 276 0008 0E       		.uleb128 0xe
 277 0009 1B       		.uleb128 0x1b
 278 000a 0E       		.uleb128 0xe
 279 000b 55       		.uleb128 0x55
 280 000c 17       		.uleb128 0x17
 281 000d 11       		.uleb128 0x11
 282 000e 01       		.uleb128 0x1
 283 000f 10       		.uleb128 0x10
 284 0010 17       		.uleb128 0x17
 285 0011 00       		.byte	0
 286 0012 00       		.byte	0
 287 0013 02       		.uleb128 0x2
 288 0014 24       		.uleb128 0x24
 289 0015 00       		.byte	0
 290 0016 0B       		.uleb128 0xb
 291 0017 0B       		.uleb128 0xb
 292 0018 3E       		.uleb128 0x3e
 293 0019 0B       		.uleb128 0xb
 294 001a 03       		.uleb128 0x3
 295 001b 0E       		.uleb128 0xe
 296 001c 00       		.byte	0
 297 001d 00       		.byte	0
 298 001e 03       		.uleb128 0x3
 299 001f 16       		.uleb128 0x16
 300 0020 00       		.byte	0
 301 0021 03       		.uleb128 0x3
 302 0022 0E       		.uleb128 0xe
 303 0023 3A       		.uleb128 0x3a
 304 0024 0B       		.uleb128 0xb
 305 0025 3B       		.uleb128 0x3b
 306 0026 0B       		.uleb128 0xb
 307 0027 49       		.uleb128 0x49
 308 0028 13       		.uleb128 0x13
ARM GAS  C:\Users\jobaek\AppData\Local\Temp\ccVQr82c.s 			page 7


 309 0029 00       		.byte	0
 310 002a 00       		.byte	0
 311 002b 04       		.uleb128 0x4
 312 002c 24       		.uleb128 0x24
 313 002d 00       		.byte	0
 314 002e 0B       		.uleb128 0xb
 315 002f 0B       		.uleb128 0xb
 316 0030 3E       		.uleb128 0x3e
 317 0031 0B       		.uleb128 0xb
 318 0032 03       		.uleb128 0x3
 319 0033 08       		.uleb128 0x8
 320 0034 00       		.byte	0
 321 0035 00       		.byte	0
 322 0036 05       		.uleb128 0x5
 323 0037 2E       		.uleb128 0x2e
 324 0038 01       		.byte	0x1
 325 0039 3F       		.uleb128 0x3f
 326 003a 19       		.uleb128 0x19
 327 003b 03       		.uleb128 0x3
 328 003c 0E       		.uleb128 0xe
 329 003d 3A       		.uleb128 0x3a
 330 003e 0B       		.uleb128 0xb
 331 003f 3B       		.uleb128 0x3b
 332 0040 0B       		.uleb128 0xb
 333 0041 27       		.uleb128 0x27
 334 0042 19       		.uleb128 0x19
 335 0043 49       		.uleb128 0x49
 336 0044 13       		.uleb128 0x13
 337 0045 8701     		.uleb128 0x87
 338 0047 19       		.uleb128 0x19
 339 0048 11       		.uleb128 0x11
 340 0049 01       		.uleb128 0x1
 341 004a 12       		.uleb128 0x12
 342 004b 06       		.uleb128 0x6
 343 004c 40       		.uleb128 0x40
 344 004d 18       		.uleb128 0x18
 345 004e 9742     		.uleb128 0x2117
 346 0050 19       		.uleb128 0x19
 347 0051 01       		.uleb128 0x1
 348 0052 13       		.uleb128 0x13
 349 0053 00       		.byte	0
 350 0054 00       		.byte	0
 351 0055 06       		.uleb128 0x6
 352 0056 898201   		.uleb128 0x4109
 353 0059 00       		.byte	0
 354 005a 11       		.uleb128 0x11
 355 005b 01       		.uleb128 0x1
 356 005c 31       		.uleb128 0x31
 357 005d 13       		.uleb128 0x13
 358 005e 00       		.byte	0
 359 005f 00       		.byte	0
 360 0060 07       		.uleb128 0x7
 361 0061 898201   		.uleb128 0x4109
 362 0064 01       		.byte	0x1
 363 0065 11       		.uleb128 0x11
 364 0066 01       		.uleb128 0x1
 365 0067 31       		.uleb128 0x31
ARM GAS  C:\Users\jobaek\AppData\Local\Temp\ccVQr82c.s 			page 8


 366 0068 13       		.uleb128 0x13
 367 0069 01       		.uleb128 0x1
 368 006a 13       		.uleb128 0x13
 369 006b 00       		.byte	0
 370 006c 00       		.byte	0
 371 006d 08       		.uleb128 0x8
 372 006e 8A8201   		.uleb128 0x410a
 373 0071 00       		.byte	0
 374 0072 02       		.uleb128 0x2
 375 0073 18       		.uleb128 0x18
 376 0074 9142     		.uleb128 0x2111
 377 0076 18       		.uleb128 0x18
 378 0077 00       		.byte	0
 379 0078 00       		.byte	0
 380 0079 09       		.uleb128 0x9
 381 007a 898201   		.uleb128 0x4109
 382 007d 01       		.byte	0x1
 383 007e 11       		.uleb128 0x11
 384 007f 01       		.uleb128 0x1
 385 0080 31       		.uleb128 0x31
 386 0081 13       		.uleb128 0x13
 387 0082 00       		.byte	0
 388 0083 00       		.byte	0
 389 0084 0A       		.uleb128 0xa
 390 0085 34       		.uleb128 0x34
 391 0086 00       		.byte	0
 392 0087 03       		.uleb128 0x3
 393 0088 0E       		.uleb128 0xe
 394 0089 3A       		.uleb128 0x3a
 395 008a 0B       		.uleb128 0xb
 396 008b 3B       		.uleb128 0x3b
 397 008c 05       		.uleb128 0x5
 398 008d 49       		.uleb128 0x49
 399 008e 13       		.uleb128 0x13
 400 008f 3F       		.uleb128 0x3f
 401 0090 19       		.uleb128 0x19
 402 0091 3C       		.uleb128 0x3c
 403 0092 19       		.uleb128 0x19
 404 0093 00       		.byte	0
 405 0094 00       		.byte	0
 406 0095 0B       		.uleb128 0xb
 407 0096 35       		.uleb128 0x35
 408 0097 00       		.byte	0
 409 0098 49       		.uleb128 0x49
 410 0099 13       		.uleb128 0x13
 411 009a 00       		.byte	0
 412 009b 00       		.byte	0
 413 009c 0C       		.uleb128 0xc
 414 009d 2E       		.uleb128 0x2e
 415 009e 00       		.byte	0
 416 009f 3F       		.uleb128 0x3f
 417 00a0 19       		.uleb128 0x19
 418 00a1 3C       		.uleb128 0x3c
 419 00a2 19       		.uleb128 0x19
 420 00a3 6E       		.uleb128 0x6e
 421 00a4 0E       		.uleb128 0xe
 422 00a5 03       		.uleb128 0x3
ARM GAS  C:\Users\jobaek\AppData\Local\Temp\ccVQr82c.s 			page 9


 423 00a6 0E       		.uleb128 0xe
 424 00a7 3A       		.uleb128 0x3a
 425 00a8 0B       		.uleb128 0xb
 426 00a9 3B       		.uleb128 0x3b
 427 00aa 0B       		.uleb128 0xb
 428 00ab 00       		.byte	0
 429 00ac 00       		.byte	0
 430 00ad 00       		.byte	0
 431              		.section	.debug_aranges,"",%progbits
 432 0000 1C000000 		.4byte	0x1c
 433 0004 0200     		.2byte	0x2
 434 0006 00000000 		.4byte	.Ldebug_info0
 435 000a 04       		.byte	0x4
 436 000b 00       		.byte	0
 437 000c 0000     		.2byte	0
 438 000e 0000     		.2byte	0
 439 0010 00000000 		.4byte	.LFB63
 440 0014 30000000 		.4byte	.LFE63-.LFB63
 441 0018 00000000 		.4byte	0
 442 001c 00000000 		.4byte	0
 443              		.section	.debug_ranges,"",%progbits
 444              	.Ldebug_ranges0:
 445 0000 00000000 		.4byte	.LFB63
 446 0004 30000000 		.4byte	.LFE63
 447 0008 00000000 		.4byte	0
 448 000c 00000000 		.4byte	0
 449              		.section	.debug_line,"",%progbits
 450              	.Ldebug_line0:
 451 0000 93010000 		.section	.debug_str,"MS",%progbits,1
 451      02006301 
 451      00000201 
 451      FB0E0D00 
 451      01010101 
 452              	.LASF6:
 453 0000 6C6F6E67 		.ascii	"long long int\000"
 453      206C6F6E 
 453      6720696E 
 453      7400
 454              	.LASF3:
 455 000e 73686F72 		.ascii	"short unsigned int\000"
 455      7420756E 
 455      7369676E 
 455      65642069 
 455      6E7400
 456              	.LASF8:
 457 0021 756E7369 		.ascii	"unsigned int\000"
 457      676E6564 
 457      20696E74 
 457      00
 458              	.LASF21:
 459 002e 6D61696E 		.ascii	"main.c\000"
 459      2E6300
 460              	.LASF17:
 461 0035 4C45445F 		.ascii	"LED_P21_Write\000"
 461      5032315F 
 461      57726974 
 461      6500
ARM GAS  C:\Users\jobaek\AppData\Local\Temp\ccVQr82c.s 			page 10


 462              	.LASF23:
 463 0043 6D61696E 		.ascii	"main\000"
 463      00
 464              	.LASF20:
 465 0048 474E5520 		.ascii	"GNU C11 5.4.1 20160609 (release) [ARM/embedded-5-br"
 465      43313120 
 465      352E342E 
 465      31203230 
 465      31363036 
 466 007b 616E6368 		.ascii	"anch revision 237715] -mcpu=cortex-m3 -mthumb -g -O"
 466      20726576 
 466      6973696F 
 466      6E203233 
 466      37373135 
 467 00ae 67202D66 		.ascii	"g -ffunction-sections -ffat-lto-objects\000"
 467      66756E63 
 467      74696F6E 
 467      2D736563 
 467      74696F6E 
 468              	.LASF18:
 469 00d6 43794465 		.ascii	"CyDelay\000"
 469      6C617900 
 470              	.LASF5:
 471 00de 6C6F6E67 		.ascii	"long unsigned int\000"
 471      20756E73 
 471      69676E65 
 471      6420696E 
 471      7400
 472              	.LASF7:
 473 00f0 6C6F6E67 		.ascii	"long long unsigned int\000"
 473      206C6F6E 
 473      6720756E 
 473      7369676E 
 473      65642069 
 474              	.LASF1:
 475 0107 756E7369 		.ascii	"unsigned char\000"
 475      676E6564 
 475      20636861 
 475      7200
 476              	.LASF13:
 477 0115 63686172 		.ascii	"char\000"
 477      00
 478              	.LASF19:
 479 011a 6D554152 		.ascii	"mUART1_PutString\000"
 479      54315F50 
 479      75745374 
 479      72696E67 
 479      00
 480              	.LASF4:
 481 012b 6C6F6E67 		.ascii	"long int\000"
 481      20696E74 
 481      00
 482              	.LASF12:
 483 0134 646F7562 		.ascii	"double\000"
 483      6C6500
 484              	.LASF24:
 485 013b 49544D5F 		.ascii	"ITM_RxBuffer\000"
ARM GAS  C:\Users\jobaek\AppData\Local\Temp\ccVQr82c.s 			page 11


 485      52784275 
 485      66666572 
 485      00
 486              	.LASF0:
 487 0148 7369676E 		.ascii	"signed char\000"
 487      65642063 
 487      68617200 
 488              	.LASF14:
 489 0154 6C6F6E67 		.ascii	"long double\000"
 489      20646F75 
 489      626C6500 
 490              	.LASF9:
 491 0160 5F5F696E 		.ascii	"__int32_t\000"
 491      7433325F 
 491      7400
 492              	.LASF16:
 493 016a 6D554152 		.ascii	"mUART1_Start\000"
 493      54315F53 
 493      74617274 
 493      00
 494              	.LASF11:
 495 0177 666C6F61 		.ascii	"float\000"
 495      7400
 496              	.LASF22:
 497 017d 443A5C57 		.ascii	"D:\\Work\\PSoC_Projects\\CY8CKIT-059\\UART_Exam.cyd"
 497      6F726B5C 
 497      50536F43 
 497      5F50726F 
 497      6A656374 
 498 01ac 736E00   		.ascii	"sn\000"
 499              	.LASF2:
 500 01af 73686F72 		.ascii	"short int\000"
 500      7420696E 
 500      7400
 501              	.LASF10:
 502 01b9 696E7433 		.ascii	"int32_t\000"
 502      325F7400 
 503              	.LASF15:
 504 01c1 73697A65 		.ascii	"sizetype\000"
 504      74797065 
 504      00
 505              		.ident	"GCC: (GNU Tools for ARM Embedded Processors) 5.4.1 20160609 (release) [ARM/embedded-5-bran
