ARM GAS  C:\Users\jobaek\AppData\Local\Temp\cc68L4b3.s 			page 1


   1              		.syntax unified
   2              		.cpu cortex-m3
   3              		.fpu softvfp
   4              		.eabi_attribute 20, 1
   5              		.eabi_attribute 21, 1
   6              		.eabi_attribute 23, 3
   7              		.eabi_attribute 24, 1
   8              		.eabi_attribute 25, 1
   9              		.eabi_attribute 26, 1
  10              		.eabi_attribute 30, 6
  11              		.eabi_attribute 34, 1
  12              		.eabi_attribute 18, 4
  13              		.thumb
  14              		.syntax unified
  15              		.file	"Cm3Start.c"
  16              		.text
  17              	.Ltext0:
  18              		.cfi_sections	.debug_frame
  19              		.section	.noinit,"aw",%progbits
  20              		.align	2
  21              		.type	cySysNoInitDataValid, %object
  22              		.size	cySysNoInitDataValid, 4
  23              	cySysNoInitDataValid:
  24 0000 00000000 		.space	4
  25              		.global	CyRamVectors
  26              		.section	.ramvectors,"aw",%progbits
  27              		.align	8
  28              		.type	CyRamVectors, %object
  29              		.size	CyRamVectors, 192
  30              	CyRamVectors:
  31 0000 00000000 		.space	192
  31      00000000 
  31      00000000 
  31      00000000 
  31      00000000 
  32              		.section	.text.IntDefaultHandler,"ax",%progbits
  33              		.align	2
  34              		.global	IntDefaultHandler
  35              		.thumb
  36              		.thumb_func
  37              		.type	IntDefaultHandler, %function
  38              	IntDefaultHandler:
  39              	.LFB0:
  40              		.file 1 "Generated_Source\\PSoC5\\Cm3Start.c"
   1:Generated_Source\PSoC5/Cm3Start.c **** /***************************************************************************//**
   2:Generated_Source\PSoC5/Cm3Start.c **** * \file Cm3Start.c
   3:Generated_Source\PSoC5/Cm3Start.c **** * \version 5.70
   4:Generated_Source\PSoC5/Cm3Start.c **** *
   5:Generated_Source\PSoC5/Cm3Start.c **** *  \brief
   6:Generated_Source\PSoC5/Cm3Start.c **** *  Startup code for the ARM CM3.
   7:Generated_Source\PSoC5/Cm3Start.c **** *
   8:Generated_Source\PSoC5/Cm3Start.c **** ********************************************************************************
   9:Generated_Source\PSoC5/Cm3Start.c **** * \copyright
  10:Generated_Source\PSoC5/Cm3Start.c **** * Copyright 2008-2018, Cypress Semiconductor Corporation. All rights reserved.
  11:Generated_Source\PSoC5/Cm3Start.c **** * You may use this file only in accordance with the license, terms, conditions,
  12:Generated_Source\PSoC5/Cm3Start.c **** * disclaimers, and limitations in the end user license agreement accompanying
  13:Generated_Source\PSoC5/Cm3Start.c **** * the software package with which this file was provided.
ARM GAS  C:\Users\jobaek\AppData\Local\Temp\cc68L4b3.s 			page 2


  14:Generated_Source\PSoC5/Cm3Start.c **** *******************************************************************************/
  15:Generated_Source\PSoC5/Cm3Start.c **** 
  16:Generated_Source\PSoC5/Cm3Start.c **** #include <limits.h>
  17:Generated_Source\PSoC5/Cm3Start.c **** #include "cydevice_trm.h"
  18:Generated_Source\PSoC5/Cm3Start.c **** #include "cytypes.h"
  19:Generated_Source\PSoC5/Cm3Start.c **** #include "cyfitter_cfg.h"
  20:Generated_Source\PSoC5/Cm3Start.c **** #include "CyLib.h"
  21:Generated_Source\PSoC5/Cm3Start.c **** #include "CyDmac.h"
  22:Generated_Source\PSoC5/Cm3Start.c **** #include "cyfitter.h"
  23:Generated_Source\PSoC5/Cm3Start.c **** 
  24:Generated_Source\PSoC5/Cm3Start.c **** 
  25:Generated_Source\PSoC5/Cm3Start.c **** #define CY_NUM_INTERRUPTS           (32u)
  26:Generated_Source\PSoC5/Cm3Start.c **** #define CY_NUM_VECTORS              (CYINT_IRQ_BASE + CY_NUM_INTERRUPTS)
  27:Generated_Source\PSoC5/Cm3Start.c **** #define CY_NUM_ROM_VECTORS          (4u)
  28:Generated_Source\PSoC5/Cm3Start.c **** #define CY_NVIC_APINT_PTR           ((reg32 *) CYREG_NVIC_APPLN_INTR)
  29:Generated_Source\PSoC5/Cm3Start.c **** #define CY_NVIC_CFG_CTRL_PTR        ((reg32 *) CYREG_NVIC_CFG_CONTROL)
  30:Generated_Source\PSoC5/Cm3Start.c **** #define CY_NVIC_APINT_PRIGROUP_3_5  (0x00000400u)  /* Priority group 3.5 split */
  31:Generated_Source\PSoC5/Cm3Start.c **** #define CY_NVIC_APINT_VECTKEY       (0x05FA0000u)  /* This key is required in order to write the NV
  32:Generated_Source\PSoC5/Cm3Start.c **** #define CY_NVIC_CFG_STACKALIGN      (0x00000200u)  /* This specifies that the exception stack must 
  33:Generated_Source\PSoC5/Cm3Start.c **** 
  34:Generated_Source\PSoC5/Cm3Start.c **** #if defined(__ARMCC_VERSION)
  35:Generated_Source\PSoC5/Cm3Start.c ****     #define INITIAL_STACK_POINTER ((cyisraddress)(uint32)&Image$$ARM_LIB_STACK$$ZI$$Limit)
  36:Generated_Source\PSoC5/Cm3Start.c **** #elif defined (__GNUC__)
  37:Generated_Source\PSoC5/Cm3Start.c ****     #define INITIAL_STACK_POINTER (&__cy_stack)
  38:Generated_Source\PSoC5/Cm3Start.c **** #elif defined (__ICCARM__)
  39:Generated_Source\PSoC5/Cm3Start.c ****     #pragma language=extended
  40:Generated_Source\PSoC5/Cm3Start.c ****     #pragma segment="CSTACK"
  41:Generated_Source\PSoC5/Cm3Start.c ****     #define INITIAL_STACK_POINTER  { .__ptr = __sfe( "CSTACK" ) }
  42:Generated_Source\PSoC5/Cm3Start.c **** 
  43:Generated_Source\PSoC5/Cm3Start.c ****     extern void __iar_program_start( void );
  44:Generated_Source\PSoC5/Cm3Start.c ****     extern void __iar_data_init3 (void);
  45:Generated_Source\PSoC5/Cm3Start.c **** #endif  /* (__ARMCC_VERSION) */
  46:Generated_Source\PSoC5/Cm3Start.c **** 
  47:Generated_Source\PSoC5/Cm3Start.c **** #if defined(__GNUC__)
  48:Generated_Source\PSoC5/Cm3Start.c ****     #include <errno.h>
  49:Generated_Source\PSoC5/Cm3Start.c ****     extern int  end;
  50:Generated_Source\PSoC5/Cm3Start.c **** #endif  /* defined(__GNUC__) */
  51:Generated_Source\PSoC5/Cm3Start.c **** 
  52:Generated_Source\PSoC5/Cm3Start.c **** /* Extern functions */
  53:Generated_Source\PSoC5/Cm3Start.c **** extern void CyBtldr_CheckLaunch(void);
  54:Generated_Source\PSoC5/Cm3Start.c **** 
  55:Generated_Source\PSoC5/Cm3Start.c **** /* Function prototypes */
  56:Generated_Source\PSoC5/Cm3Start.c **** void initialize_psoc(void);
  57:Generated_Source\PSoC5/Cm3Start.c **** CY_ISR(IntDefaultHandler);
  58:Generated_Source\PSoC5/Cm3Start.c **** void Reset(void);
  59:Generated_Source\PSoC5/Cm3Start.c **** 
  60:Generated_Source\PSoC5/Cm3Start.c **** /* Global variables */
  61:Generated_Source\PSoC5/Cm3Start.c **** #if !defined (__ICCARM__)
  62:Generated_Source\PSoC5/Cm3Start.c ****     CY_NOINIT static uint32 cySysNoInitDataValid;
  63:Generated_Source\PSoC5/Cm3Start.c **** #endif  /* !defined (__ICCARM__) */
  64:Generated_Source\PSoC5/Cm3Start.c **** 
  65:Generated_Source\PSoC5/Cm3Start.c **** 
  66:Generated_Source\PSoC5/Cm3Start.c **** /*******************************************************************************
  67:Generated_Source\PSoC5/Cm3Start.c **** * Default Ram Interrupt Vector table storage area. Must be 256-byte aligned.
  68:Generated_Source\PSoC5/Cm3Start.c **** *******************************************************************************/
  69:Generated_Source\PSoC5/Cm3Start.c **** #if defined (__ICCARM__)
  70:Generated_Source\PSoC5/Cm3Start.c ****     #pragma location=".ramvectors"
ARM GAS  C:\Users\jobaek\AppData\Local\Temp\cc68L4b3.s 			page 3


  71:Generated_Source\PSoC5/Cm3Start.c ****     #pragma data_alignment=256
  72:Generated_Source\PSoC5/Cm3Start.c **** #else
  73:Generated_Source\PSoC5/Cm3Start.c ****     CY_SECTION(".ramvectors")
  74:Generated_Source\PSoC5/Cm3Start.c ****     CY_ALIGN(256)
  75:Generated_Source\PSoC5/Cm3Start.c **** #endif  /* defined (__ICCARM__) */
  76:Generated_Source\PSoC5/Cm3Start.c **** cyisraddress CyRamVectors[CY_NUM_VECTORS];
  77:Generated_Source\PSoC5/Cm3Start.c **** 
  78:Generated_Source\PSoC5/Cm3Start.c **** 
  79:Generated_Source\PSoC5/Cm3Start.c **** /*******************************************************************************
  80:Generated_Source\PSoC5/Cm3Start.c **** * Function Name: IntDefaultHandler
  81:Generated_Source\PSoC5/Cm3Start.c **** ****************************************************************************//**
  82:Generated_Source\PSoC5/Cm3Start.c **** *
  83:Generated_Source\PSoC5/Cm3Start.c **** *  This function is called for all interrupts, other than a reset that gets
  84:Generated_Source\PSoC5/Cm3Start.c **** *  called before the system is setup.
  85:Generated_Source\PSoC5/Cm3Start.c **** *
  86:Generated_Source\PSoC5/Cm3Start.c **** * Theory:
  87:Generated_Source\PSoC5/Cm3Start.c **** *  Any value other than zero is acceptable.
  88:Generated_Source\PSoC5/Cm3Start.c **** *
  89:Generated_Source\PSoC5/Cm3Start.c **** *******************************************************************************/
  90:Generated_Source\PSoC5/Cm3Start.c **** CY_ISR(IntDefaultHandler)
  91:Generated_Source\PSoC5/Cm3Start.c **** {
  41              		.loc 1 91 0
  42              		.cfi_startproc
  43              		@ args = 0, pretend = 0, frame = 0
  44              		@ frame_needed = 1, uses_anonymous_args = 0
  45 0000 80B5     		push	{r7, lr}
  46              		.cfi_def_cfa_offset 8
  47              		.cfi_offset 7, -8
  48              		.cfi_offset 14, -4
  49 0002 00AF     		add	r7, sp, #0
  50              		.cfi_def_cfa_register 7
  92:Generated_Source\PSoC5/Cm3Start.c ****     /***************************************************************************
  93:Generated_Source\PSoC5/Cm3Start.c ****     * We must not get here. If we do, a serious problem occurs, so go into
  94:Generated_Source\PSoC5/Cm3Start.c ****     * an infinite loop.
  95:Generated_Source\PSoC5/Cm3Start.c ****     ***************************************************************************/
  96:Generated_Source\PSoC5/Cm3Start.c **** 
  97:Generated_Source\PSoC5/Cm3Start.c ****     #if defined(__GNUC__)
  98:Generated_Source\PSoC5/Cm3Start.c ****         if (errno == ENOMEM)
  51              		.loc 1 98 0
  52 0004 FFF7FEFF 		bl	__errno
  53 0008 0346     		mov	r3, r0
  54 000a 1B68     		ldr	r3, [r3]
  55 000c 0C2B     		cmp	r3, #12
  56 000e 00D1     		bne	.L2
  57              	.L3:
  99:Generated_Source\PSoC5/Cm3Start.c ****         {
 100:Generated_Source\PSoC5/Cm3Start.c ****             #ifdef CY_BOOT_INT_DEFAULT_HANDLER_ENOMEM_EXCEPTION_CALLBACK
 101:Generated_Source\PSoC5/Cm3Start.c ****                 CyBoot_IntDefaultHandler_Enomem_Exception_Callback();
 102:Generated_Source\PSoC5/Cm3Start.c ****             #endif /* CY_BOOT_INT_DEFAULT_HANDLER_ENOMEM_EXCEPTION_CALLBACK */
 103:Generated_Source\PSoC5/Cm3Start.c ****             
 104:Generated_Source\PSoC5/Cm3Start.c ****             while(1)
 105:Generated_Source\PSoC5/Cm3Start.c ****             {
 106:Generated_Source\PSoC5/Cm3Start.c ****                 /* Out Of Heap Space
 107:Generated_Source\PSoC5/Cm3Start.c ****                  * This can be increased in the System tab of the Design Wide Resources.
 108:Generated_Source\PSoC5/Cm3Start.c ****                  */
 109:Generated_Source\PSoC5/Cm3Start.c ****             }
  58              		.loc 1 109 0 discriminator 1
ARM GAS  C:\Users\jobaek\AppData\Local\Temp\cc68L4b3.s 			page 4


  59 0010 FEE7     		b	.L3
  60              	.L2:
 110:Generated_Source\PSoC5/Cm3Start.c ****         }
 111:Generated_Source\PSoC5/Cm3Start.c ****         else
 112:Generated_Source\PSoC5/Cm3Start.c ****     #endif
 113:Generated_Source\PSoC5/Cm3Start.c ****         {
 114:Generated_Source\PSoC5/Cm3Start.c ****             #ifdef CY_BOOT_INT_DEFAULT_HANDLER_EXCEPTION_ENTRY_CALLBACK
 115:Generated_Source\PSoC5/Cm3Start.c ****                 CyBoot_IntDefaultHandler_Exception_EntryCallback();
 116:Generated_Source\PSoC5/Cm3Start.c ****             #endif /* CY_BOOT_INT_DEFAULT_HANDLER_EXCEPTION_ENTRY_CALLBACK */
 117:Generated_Source\PSoC5/Cm3Start.c **** 
 118:Generated_Source\PSoC5/Cm3Start.c ****             while(1)
 119:Generated_Source\PSoC5/Cm3Start.c ****             {
 120:Generated_Source\PSoC5/Cm3Start.c **** 
 121:Generated_Source\PSoC5/Cm3Start.c ****             }
  61              		.loc 1 121 0 discriminator 2
  62 0012 FEE7     		b	.L2
  63              		.cfi_endproc
  64              	.LFE0:
  65              		.size	IntDefaultHandler, .-IntDefaultHandler
  66              		.section	.text._exit,"ax",%progbits
  67              		.align	2
  68              		.weak	_exit
  69              		.thumb
  70              		.thumb_func
  71              		.type	_exit, %function
  72              	_exit:
  73              	.LFB1:
 122:Generated_Source\PSoC5/Cm3Start.c ****         }
 123:Generated_Source\PSoC5/Cm3Start.c **** }
 124:Generated_Source\PSoC5/Cm3Start.c **** 
 125:Generated_Source\PSoC5/Cm3Start.c **** 
 126:Generated_Source\PSoC5/Cm3Start.c **** #if defined(__ARMCC_VERSION)
 127:Generated_Source\PSoC5/Cm3Start.c **** 
 128:Generated_Source\PSoC5/Cm3Start.c **** /* Local function for device reset. */
 129:Generated_Source\PSoC5/Cm3Start.c **** extern void Reset(void);
 130:Generated_Source\PSoC5/Cm3Start.c **** 
 131:Generated_Source\PSoC5/Cm3Start.c **** /* Application entry point. */
 132:Generated_Source\PSoC5/Cm3Start.c **** extern void $Super$$main(void);
 133:Generated_Source\PSoC5/Cm3Start.c **** 
 134:Generated_Source\PSoC5/Cm3Start.c **** /* Linker-generated Stack Base addresses, Two Region and One Region */
 135:Generated_Source\PSoC5/Cm3Start.c **** extern uint32 Image$$ARM_LIB_STACK$$ZI$$Limit;
 136:Generated_Source\PSoC5/Cm3Start.c **** 
 137:Generated_Source\PSoC5/Cm3Start.c **** /* RealView C Library initialization. */
 138:Generated_Source\PSoC5/Cm3Start.c **** extern int __main(void);
 139:Generated_Source\PSoC5/Cm3Start.c **** 
 140:Generated_Source\PSoC5/Cm3Start.c **** 
 141:Generated_Source\PSoC5/Cm3Start.c **** /*******************************************************************************
 142:Generated_Source\PSoC5/Cm3Start.c **** * Function Name: Reset
 143:Generated_Source\PSoC5/Cm3Start.c **** ****************************************************************************//**
 144:Generated_Source\PSoC5/Cm3Start.c **** *
 145:Generated_Source\PSoC5/Cm3Start.c **** *  This function handles the reset interrupt for the RVDS/MDK toolchains.
 146:Generated_Source\PSoC5/Cm3Start.c **** *  This is the first bit of code that is executed at startup.
 147:Generated_Source\PSoC5/Cm3Start.c **** *
 148:Generated_Source\PSoC5/Cm3Start.c **** *******************************************************************************/
 149:Generated_Source\PSoC5/Cm3Start.c **** void Reset(void)
 150:Generated_Source\PSoC5/Cm3Start.c **** {
 151:Generated_Source\PSoC5/Cm3Start.c ****     #if(CYDEV_PROJ_TYPE != CYDEV_PROJ_TYPE_LOADABLE && CYDEV_PROJ_TYPE != CYDEV_PROJ_TYPE_LOADABLEA
ARM GAS  C:\Users\jobaek\AppData\Local\Temp\cc68L4b3.s 			page 5


 152:Generated_Source\PSoC5/Cm3Start.c **** 
 153:Generated_Source\PSoC5/Cm3Start.c ****         /* For PSoC 5LP, debugging is enabled by default */
 154:Generated_Source\PSoC5/Cm3Start.c ****         #if(CYDEV_DEBUGGING_ENABLE == 0)
 155:Generated_Source\PSoC5/Cm3Start.c ****             *(reg32 *)(CYDEV_DEBUG_ENABLE_REGISTER) |= CYDEV_DEBUG_ENABLE_MASK;
 156:Generated_Source\PSoC5/Cm3Start.c ****         #endif /* (CYDEV_DEBUGGING_ENABLE) */
 157:Generated_Source\PSoC5/Cm3Start.c **** 
 158:Generated_Source\PSoC5/Cm3Start.c ****         /* Reset Status Register has Read-to-clear SW access mode.
 159:Generated_Source\PSoC5/Cm3Start.c ****         * Preserve current RESET_SR0 state to make it available for next reading.
 160:Generated_Source\PSoC5/Cm3Start.c ****         */
 161:Generated_Source\PSoC5/Cm3Start.c ****         *(reg32 *)(CYREG_PHUB_CFGMEM23_CFG1) = *(reg32 *)(CYREG_RESET_SR0);
 162:Generated_Source\PSoC5/Cm3Start.c **** 
 163:Generated_Source\PSoC5/Cm3Start.c ****     #endif  /* (CYDEV_PROJ_TYPE != CYDEV_PROJ_TYPE_LOADABLE && CYDEV_PROJ_TYPE != CYDEV_PROJ_TYPE_L
 164:Generated_Source\PSoC5/Cm3Start.c **** 
 165:Generated_Source\PSoC5/Cm3Start.c ****     #if ((CYDEV_BOOTLOADER_ENABLE) && (CYDEV_PROJ_TYPE != CYDEV_PROJ_TYPE_LOADABLEANDBOOTLOADER))
 166:Generated_Source\PSoC5/Cm3Start.c ****         CyBtldr_CheckLaunch();
 167:Generated_Source\PSoC5/Cm3Start.c ****     #endif /* ((CYDEV_BOOTLOADER_ENABLE) && (CYDEV_PROJ_TYPE != CYDEV_PROJ_TYPE_LOADABLEANDBOOTLOAD
 168:Generated_Source\PSoC5/Cm3Start.c **** 
 169:Generated_Source\PSoC5/Cm3Start.c ****     __main();
 170:Generated_Source\PSoC5/Cm3Start.c **** }
 171:Generated_Source\PSoC5/Cm3Start.c **** 
 172:Generated_Source\PSoC5/Cm3Start.c **** 
 173:Generated_Source\PSoC5/Cm3Start.c **** /*******************************************************************************
 174:Generated_Source\PSoC5/Cm3Start.c **** * Function Name: $Sub$$main
 175:Generated_Source\PSoC5/Cm3Start.c **** ****************************************************************************//**
 176:Generated_Source\PSoC5/Cm3Start.c **** *
 177:Generated_Source\PSoC5/Cm3Start.c **** *  This function is called immediately before the users main
 178:Generated_Source\PSoC5/Cm3Start.c **** *
 179:Generated_Source\PSoC5/Cm3Start.c **** *******************************************************************************/
 180:Generated_Source\PSoC5/Cm3Start.c **** void $Sub$$main(void)
 181:Generated_Source\PSoC5/Cm3Start.c **** {
 182:Generated_Source\PSoC5/Cm3Start.c ****     initialize_psoc();
 183:Generated_Source\PSoC5/Cm3Start.c **** 
 184:Generated_Source\PSoC5/Cm3Start.c ****     /* Call original main */
 185:Generated_Source\PSoC5/Cm3Start.c ****     $Super$$main();
 186:Generated_Source\PSoC5/Cm3Start.c **** 
 187:Generated_Source\PSoC5/Cm3Start.c ****     while (1)
 188:Generated_Source\PSoC5/Cm3Start.c ****     {
 189:Generated_Source\PSoC5/Cm3Start.c ****         /* If main returns, it is undefined what we should do. */
 190:Generated_Source\PSoC5/Cm3Start.c ****     }
 191:Generated_Source\PSoC5/Cm3Start.c **** }
 192:Generated_Source\PSoC5/Cm3Start.c **** 
 193:Generated_Source\PSoC5/Cm3Start.c **** #elif defined(__GNUC__)
 194:Generated_Source\PSoC5/Cm3Start.c **** 
 195:Generated_Source\PSoC5/Cm3Start.c **** void Start_c(void);
 196:Generated_Source\PSoC5/Cm3Start.c **** 
 197:Generated_Source\PSoC5/Cm3Start.c **** /* Stack Base address */
 198:Generated_Source\PSoC5/Cm3Start.c **** extern void __cy_stack(void);
 199:Generated_Source\PSoC5/Cm3Start.c **** 
 200:Generated_Source\PSoC5/Cm3Start.c **** /* Application entry point. */
 201:Generated_Source\PSoC5/Cm3Start.c **** extern int main(void);
 202:Generated_Source\PSoC5/Cm3Start.c **** 
 203:Generated_Source\PSoC5/Cm3Start.c **** /* Static objects constructors initializer */
 204:Generated_Source\PSoC5/Cm3Start.c **** extern void __libc_init_array(void);
 205:Generated_Source\PSoC5/Cm3Start.c **** 
 206:Generated_Source\PSoC5/Cm3Start.c **** typedef unsigned char __cy_byte_align8 __attribute ((aligned (8)));
 207:Generated_Source\PSoC5/Cm3Start.c **** 
 208:Generated_Source\PSoC5/Cm3Start.c **** struct __cy_region
ARM GAS  C:\Users\jobaek\AppData\Local\Temp\cc68L4b3.s 			page 6


 209:Generated_Source\PSoC5/Cm3Start.c **** {
 210:Generated_Source\PSoC5/Cm3Start.c ****     __cy_byte_align8 *init; /* Initial contents of this region.  */
 211:Generated_Source\PSoC5/Cm3Start.c ****     __cy_byte_align8 *data; /* Start address of region.  */
 212:Generated_Source\PSoC5/Cm3Start.c ****     size_t init_size;       /* Size of initial data.  */
 213:Generated_Source\PSoC5/Cm3Start.c ****     size_t zero_size;       /* Additional size to be zeroed.  */
 214:Generated_Source\PSoC5/Cm3Start.c **** };
 215:Generated_Source\PSoC5/Cm3Start.c **** 
 216:Generated_Source\PSoC5/Cm3Start.c **** extern const struct __cy_region __cy_regions[];
 217:Generated_Source\PSoC5/Cm3Start.c **** extern const char __cy_region_num __attribute__((weak));
 218:Generated_Source\PSoC5/Cm3Start.c **** #define __cy_region_num ((size_t)&__cy_region_num)
 219:Generated_Source\PSoC5/Cm3Start.c **** 
 220:Generated_Source\PSoC5/Cm3Start.c **** 
 221:Generated_Source\PSoC5/Cm3Start.c **** /*******************************************************************************
 222:Generated_Source\PSoC5/Cm3Start.c **** * System Calls of the Red Hat newlib C Library
 223:Generated_Source\PSoC5/Cm3Start.c **** *******************************************************************************/
 224:Generated_Source\PSoC5/Cm3Start.c **** 
 225:Generated_Source\PSoC5/Cm3Start.c **** 
 226:Generated_Source\PSoC5/Cm3Start.c **** /*******************************************************************************
 227:Generated_Source\PSoC5/Cm3Start.c **** * Function Name: _exit
 228:Generated_Source\PSoC5/Cm3Start.c **** ****************************************************************************//**
 229:Generated_Source\PSoC5/Cm3Start.c **** *
 230:Generated_Source\PSoC5/Cm3Start.c **** *  Exit a program without cleaning up files. If your system doesn't provide
 231:Generated_Source\PSoC5/Cm3Start.c **** *  this, it is best to avoid linking with subroutines that require it (exit,
 232:Generated_Source\PSoC5/Cm3Start.c **** *  system).
 233:Generated_Source\PSoC5/Cm3Start.c **** *
 234:Generated_Source\PSoC5/Cm3Start.c **** *  \param status: Status caused program exit.
 235:Generated_Source\PSoC5/Cm3Start.c **** *
 236:Generated_Source\PSoC5/Cm3Start.c **** *******************************************************************************/
 237:Generated_Source\PSoC5/Cm3Start.c **** __attribute__((weak))
 238:Generated_Source\PSoC5/Cm3Start.c **** void _exit(int status)
 239:Generated_Source\PSoC5/Cm3Start.c **** {
  74              		.loc 1 239 0
  75              		.cfi_startproc
  76              		@ args = 0, pretend = 0, frame = 8
  77              		@ frame_needed = 1, uses_anonymous_args = 0
  78 0000 80B5     		push	{r7, lr}
  79              		.cfi_def_cfa_offset 8
  80              		.cfi_offset 7, -8
  81              		.cfi_offset 14, -4
  82 0002 82B0     		sub	sp, sp, #8
  83              		.cfi_def_cfa_offset 16
  84 0004 00AF     		add	r7, sp, #0
  85              		.cfi_def_cfa_register 7
  86 0006 7860     		str	r0, [r7, #4]
 240:Generated_Source\PSoC5/Cm3Start.c ****     CyHalt((uint8) status);
  87              		.loc 1 240 0
  88 0008 7B68     		ldr	r3, [r7, #4]
  89 000a DBB2     		uxtb	r3, r3
  90 000c 1846     		mov	r0, r3
  91 000e FFF7FEFF 		bl	CyHalt
  92              	.L5:
 241:Generated_Source\PSoC5/Cm3Start.c ****     while(1)
 242:Generated_Source\PSoC5/Cm3Start.c ****     {
 243:Generated_Source\PSoC5/Cm3Start.c **** 
 244:Generated_Source\PSoC5/Cm3Start.c ****     }
  93              		.loc 1 244 0 discriminator 1
  94 0012 FEE7     		b	.L5
ARM GAS  C:\Users\jobaek\AppData\Local\Temp\cc68L4b3.s 			page 7


  95              		.cfi_endproc
  96              	.LFE1:
  97              		.size	_exit, .-_exit
  98              		.section	.text._sbrk,"ax",%progbits
  99              		.align	2
 100              		.weak	_sbrk
 101              		.thumb
 102              		.thumb_func
 103              		.type	_sbrk, %function
 104              	_sbrk:
 105              	.LFB2:
 245:Generated_Source\PSoC5/Cm3Start.c **** }
 246:Generated_Source\PSoC5/Cm3Start.c **** 
 247:Generated_Source\PSoC5/Cm3Start.c **** 
 248:Generated_Source\PSoC5/Cm3Start.c **** /*******************************************************************************
 249:Generated_Source\PSoC5/Cm3Start.c **** * Function Name: _sbrk
 250:Generated_Source\PSoC5/Cm3Start.c **** ****************************************************************************//**
 251:Generated_Source\PSoC5/Cm3Start.c **** *
 252:Generated_Source\PSoC5/Cm3Start.c **** *  Increase program data space. As malloc and related functions depend on this,
 253:Generated_Source\PSoC5/Cm3Start.c **** *  it is useful to have a working implementation. The following suffices for a
 254:Generated_Source\PSoC5/Cm3Start.c **** *  standalone system; it exploits the symbol end automatically defined by the
 255:Generated_Source\PSoC5/Cm3Start.c **** *  GNU linker.
 256:Generated_Source\PSoC5/Cm3Start.c **** *
 257:Generated_Source\PSoC5/Cm3Start.c **** *  \param nbytes: The number of bytes requested (if the parameter value is positive)
 258:Generated_Source\PSoC5/Cm3Start.c **** *  from the heap or returned back to the heap (if the parameter value is
 259:Generated_Source\PSoC5/Cm3Start.c **** *  negative).
 260:Generated_Source\PSoC5/Cm3Start.c **** *
 261:Generated_Source\PSoC5/Cm3Start.c **** *******************************************************************************/
 262:Generated_Source\PSoC5/Cm3Start.c **** __attribute__((weak))
 263:Generated_Source\PSoC5/Cm3Start.c **** void * _sbrk (int nbytes)
 264:Generated_Source\PSoC5/Cm3Start.c **** {
 106              		.loc 1 264 0
 107              		.cfi_startproc
 108              		@ args = 0, pretend = 0, frame = 16
 109              		@ frame_needed = 1, uses_anonymous_args = 0
 110 0000 80B5     		push	{r7, lr}
 111              		.cfi_def_cfa_offset 8
 112              		.cfi_offset 7, -8
 113              		.cfi_offset 14, -4
 114 0002 84B0     		sub	sp, sp, #16
 115              		.cfi_def_cfa_offset 24
 116 0004 00AF     		add	r7, sp, #0
 117              		.cfi_def_cfa_register 7
 118 0006 7860     		str	r0, [r7, #4]
 265:Generated_Source\PSoC5/Cm3Start.c ****     extern int  end;            /* Symbol defined by linker map. Start of free memory (as symbol). 
 266:Generated_Source\PSoC5/Cm3Start.c ****     void *      returnValue;
 267:Generated_Source\PSoC5/Cm3Start.c **** 
 268:Generated_Source\PSoC5/Cm3Start.c ****     /* The statically held previous end of the heap, with its initialization. */
 269:Generated_Source\PSoC5/Cm3Start.c ****     static uint8 *heapPointer = (uint8 *) &end;                 /* Previous end */
 270:Generated_Source\PSoC5/Cm3Start.c **** 
 271:Generated_Source\PSoC5/Cm3Start.c ****     if (((heapPointer + nbytes) - (uint8 *) &end) <= CYDEV_HEAP_SIZE)
 119              		.loc 1 271 0
 120 0008 0F4B     		ldr	r3, .L10
 121 000a 1A68     		ldr	r2, [r3]
 122 000c 7B68     		ldr	r3, [r7, #4]
 123 000e 1344     		add	r3, r3, r2
 124 0010 1A46     		mov	r2, r3
ARM GAS  C:\Users\jobaek\AppData\Local\Temp\cc68L4b3.s 			page 8


 125 0012 0E4B     		ldr	r3, .L10+4
 126 0014 D31A     		subs	r3, r2, r3
 127 0016 802B     		cmp	r3, #128
 128 0018 09DC     		bgt	.L7
 272:Generated_Source\PSoC5/Cm3Start.c ****     {
 273:Generated_Source\PSoC5/Cm3Start.c ****         returnValue  = (void *) heapPointer;
 129              		.loc 1 273 0
 130 001a 0B4B     		ldr	r3, .L10
 131 001c 1B68     		ldr	r3, [r3]
 132 001e FB60     		str	r3, [r7, #12]
 274:Generated_Source\PSoC5/Cm3Start.c ****         heapPointer += nbytes;
 133              		.loc 1 274 0
 134 0020 094B     		ldr	r3, .L10
 135 0022 1A68     		ldr	r2, [r3]
 136 0024 7B68     		ldr	r3, [r7, #4]
 137 0026 1344     		add	r3, r3, r2
 138 0028 074A     		ldr	r2, .L10
 139 002a 1360     		str	r3, [r2]
 140 002c 07E0     		b	.L8
 141              	.L7:
 275:Generated_Source\PSoC5/Cm3Start.c ****     }
 276:Generated_Source\PSoC5/Cm3Start.c ****     else
 277:Generated_Source\PSoC5/Cm3Start.c ****     {
 278:Generated_Source\PSoC5/Cm3Start.c ****         errno = ENOMEM;
 142              		.loc 1 278 0
 143 002e FFF7FEFF 		bl	__errno
 144 0032 0246     		mov	r2, r0
 145 0034 0C23     		movs	r3, #12
 146 0036 1360     		str	r3, [r2]
 279:Generated_Source\PSoC5/Cm3Start.c ****         returnValue = (void *) -1;
 147              		.loc 1 279 0
 148 0038 4FF0FF33 		mov	r3, #-1
 149 003c FB60     		str	r3, [r7, #12]
 150              	.L8:
 280:Generated_Source\PSoC5/Cm3Start.c ****     }
 281:Generated_Source\PSoC5/Cm3Start.c **** 
 282:Generated_Source\PSoC5/Cm3Start.c ****     return (returnValue);
 151              		.loc 1 282 0
 152 003e FB68     		ldr	r3, [r7, #12]
 283:Generated_Source\PSoC5/Cm3Start.c **** }
 153              		.loc 1 283 0
 154 0040 1846     		mov	r0, r3
 155 0042 1037     		adds	r7, r7, #16
 156              		.cfi_def_cfa_offset 8
 157 0044 BD46     		mov	sp, r7
 158              		.cfi_def_cfa_register 13
 159              		@ sp needed
 160 0046 80BD     		pop	{r7, pc}
 161              	.L11:
 162              		.align	2
 163              	.L10:
 164 0048 00000000 		.word	heapPointer.5073
 165 004c 00000000 		.word	end
 166              		.cfi_endproc
 167              	.LFE2:
 168              		.size	_sbrk, .-_sbrk
 169              		.section	.text.Reset,"ax",%progbits
ARM GAS  C:\Users\jobaek\AppData\Local\Temp\cc68L4b3.s 			page 9


 170              		.align	2
 171              		.global	Reset
 172              		.thumb
 173              		.thumb_func
 174              		.type	Reset, %function
 175              	Reset:
 176              	.LFB3:
 284:Generated_Source\PSoC5/Cm3Start.c **** 
 285:Generated_Source\PSoC5/Cm3Start.c **** 
 286:Generated_Source\PSoC5/Cm3Start.c **** /*******************************************************************************
 287:Generated_Source\PSoC5/Cm3Start.c **** * Function Name: Reset
 288:Generated_Source\PSoC5/Cm3Start.c **** ****************************************************************************//**
 289:Generated_Source\PSoC5/Cm3Start.c **** *
 290:Generated_Source\PSoC5/Cm3Start.c **** *  This function handles the reset interrupt for the GCC toolchain. This is the
 291:Generated_Source\PSoC5/Cm3Start.c **** *  first bit of code that is executed at startup.
 292:Generated_Source\PSoC5/Cm3Start.c **** *
 293:Generated_Source\PSoC5/Cm3Start.c **** *******************************************************************************/
 294:Generated_Source\PSoC5/Cm3Start.c **** void Reset(void)
 295:Generated_Source\PSoC5/Cm3Start.c **** {
 177              		.loc 1 295 0
 178              		.cfi_startproc
 179              		@ args = 0, pretend = 0, frame = 0
 180              		@ frame_needed = 1, uses_anonymous_args = 0
 181 0000 80B5     		push	{r7, lr}
 182              		.cfi_def_cfa_offset 8
 183              		.cfi_offset 7, -8
 184              		.cfi_offset 14, -4
 185 0002 00AF     		add	r7, sp, #0
 186              		.cfi_def_cfa_register 7
 296:Generated_Source\PSoC5/Cm3Start.c ****     #if(CYDEV_PROJ_TYPE != CYDEV_PROJ_TYPE_LOADABLE && CYDEV_PROJ_TYPE != CYDEV_PROJ_TYPE_LOADABLEA
 297:Generated_Source\PSoC5/Cm3Start.c **** 
 298:Generated_Source\PSoC5/Cm3Start.c ****         /* For PSoC 5LP, debugging is enabled by default */
 299:Generated_Source\PSoC5/Cm3Start.c ****         #if(CYDEV_DEBUGGING_ENABLE == 0)
 300:Generated_Source\PSoC5/Cm3Start.c ****             *(reg32 *)(CYDEV_DEBUG_ENABLE_REGISTER) |= CYDEV_DEBUG_ENABLE_MASK;
 301:Generated_Source\PSoC5/Cm3Start.c ****         #endif /* (CYDEV_DEBUGGING_ENABLE) */
 302:Generated_Source\PSoC5/Cm3Start.c **** 
 303:Generated_Source\PSoC5/Cm3Start.c ****         /* Reset Status Register has Read-to-clear SW access mode.
 304:Generated_Source\PSoC5/Cm3Start.c ****         * Preserve current RESET_SR0 state to make it available for next reading.
 305:Generated_Source\PSoC5/Cm3Start.c ****         */
 306:Generated_Source\PSoC5/Cm3Start.c ****         *(reg32 *)(CYREG_PHUB_CFGMEM23_CFG1) = *(reg32 *)(CYREG_RESET_SR0);
 187              		.loc 1 306 0
 188 0004 034A     		ldr	r2, .L13
 189 0006 044B     		ldr	r3, .L13+4
 190 0008 1B68     		ldr	r3, [r3]
 191 000a 1360     		str	r3, [r2]
 307:Generated_Source\PSoC5/Cm3Start.c **** 
 308:Generated_Source\PSoC5/Cm3Start.c ****     #endif  /* (CYDEV_PROJ_TYPE != CYDEV_PROJ_TYPE_LOADABLE && CYDEV_PROJ_TYPE != CYDEV_PROJ_TYPE_L
 309:Generated_Source\PSoC5/Cm3Start.c **** 
 310:Generated_Source\PSoC5/Cm3Start.c ****     #if ((CYDEV_BOOTLOADER_ENABLE) && (CYDEV_PROJ_TYPE != CYDEV_PROJ_TYPE_LOADABLEANDBOOTLOADER))
 311:Generated_Source\PSoC5/Cm3Start.c ****         CyBtldr_CheckLaunch();
 192              		.loc 1 311 0
 193 000c FFF7FEFF 		bl	CyBtldr_CheckLaunch
 312:Generated_Source\PSoC5/Cm3Start.c ****     #endif /* ((CYDEV_BOOTLOADER_ENABLE) && (CYDEV_PROJ_TYPE != CYDEV_PROJ_TYPE_LOADABLEANDBOOTLOAD
 313:Generated_Source\PSoC5/Cm3Start.c **** 
 314:Generated_Source\PSoC5/Cm3Start.c ****     Start_c();
 194              		.loc 1 314 0
 195 0010 FFF7FEFF 		bl	Start_c
ARM GAS  C:\Users\jobaek\AppData\Local\Temp\cc68L4b3.s 			page 10


 196              	.L14:
 197              		.align	2
 198              	.L13:
 199 0014 BC760040 		.word	1073772220
 200 0018 FA460040 		.word	1073759994
 201              		.cfi_endproc
 202              	.LFE3:
 203              		.size	Reset, .-Reset
 204              		.section	.text.Start_c,"ax",%progbits
 205              		.align	2
 206              		.global	Start_c
 207              		.thumb
 208              		.thumb_func
 209              		.type	Start_c, %function
 210              	Start_c:
 211              	.LFB4:
 315:Generated_Source\PSoC5/Cm3Start.c **** }
 316:Generated_Source\PSoC5/Cm3Start.c **** 
 317:Generated_Source\PSoC5/Cm3Start.c **** 
 318:Generated_Source\PSoC5/Cm3Start.c **** /*******************************************************************************
 319:Generated_Source\PSoC5/Cm3Start.c **** * Function Name: Start_c
 320:Generated_Source\PSoC5/Cm3Start.c **** ****************************************************************************//**
 321:Generated_Source\PSoC5/Cm3Start.c **** *
 322:Generated_Source\PSoC5/Cm3Start.c **** *  This function handles initializing the .data and .bss sections in
 323:Generated_Source\PSoC5/Cm3Start.c **** *  preparation for running the standard C code.  Once initialization is complete
 324:Generated_Source\PSoC5/Cm3Start.c **** *  it will call main(). This function will never return.
 325:Generated_Source\PSoC5/Cm3Start.c **** *
 326:Generated_Source\PSoC5/Cm3Start.c **** *******************************************************************************/
 327:Generated_Source\PSoC5/Cm3Start.c **** void Start_c(void)  __attribute__ ((noreturn));
 328:Generated_Source\PSoC5/Cm3Start.c **** void Start_c(void)
 329:Generated_Source\PSoC5/Cm3Start.c **** {
 212              		.loc 1 329 0
 213              		.cfi_startproc
 214              		@ args = 0, pretend = 0, frame = 24
 215              		@ frame_needed = 1, uses_anonymous_args = 0
 216 0000 80B5     		push	{r7, lr}
 217              		.cfi_def_cfa_offset 8
 218              		.cfi_offset 7, -8
 219              		.cfi_offset 14, -4
 220 0002 86B0     		sub	sp, sp, #24
 221              		.cfi_def_cfa_offset 32
 222 0004 00AF     		add	r7, sp, #0
 223              		.cfi_def_cfa_register 7
 330:Generated_Source\PSoC5/Cm3Start.c ****     unsigned regions = __cy_region_num;
 224              		.loc 1 330 0
 225 0006 224B     		ldr	r3, .L23
 226 0008 7B61     		str	r3, [r7, #20]
 331:Generated_Source\PSoC5/Cm3Start.c ****     const struct __cy_region *rptr = __cy_regions;
 227              		.loc 1 331 0
 228 000a 224B     		ldr	r3, .L23+4
 229 000c 3B61     		str	r3, [r7, #16]
 332:Generated_Source\PSoC5/Cm3Start.c **** 
 333:Generated_Source\PSoC5/Cm3Start.c ****     /* Initialize memory */
 334:Generated_Source\PSoC5/Cm3Start.c ****     for (regions = __cy_region_num; regions != 0u; regions--)
 230              		.loc 1 334 0
 231 000e 204B     		ldr	r3, .L23
 232 0010 7B61     		str	r3, [r7, #20]
ARM GAS  C:\Users\jobaek\AppData\Local\Temp\cc68L4b3.s 			page 11


 233 0012 35E0     		b	.L16
 234              	.L21:
 235              	.LBB2:
 335:Generated_Source\PSoC5/Cm3Start.c ****     {
 336:Generated_Source\PSoC5/Cm3Start.c ****         uint32 *src = (uint32 *)rptr->init;
 236              		.loc 1 336 0
 237 0014 3B69     		ldr	r3, [r7, #16]
 238 0016 1B68     		ldr	r3, [r3]
 239 0018 FB60     		str	r3, [r7, #12]
 337:Generated_Source\PSoC5/Cm3Start.c ****         uint32 *dst = (uint32 *)rptr->data;
 240              		.loc 1 337 0
 241 001a 3B69     		ldr	r3, [r7, #16]
 242 001c 5B68     		ldr	r3, [r3, #4]
 243 001e BB60     		str	r3, [r7, #8]
 338:Generated_Source\PSoC5/Cm3Start.c ****         unsigned limit = rptr->init_size;
 244              		.loc 1 338 0
 245 0020 3B69     		ldr	r3, [r7, #16]
 246 0022 9B68     		ldr	r3, [r3, #8]
 247 0024 3B60     		str	r3, [r7]
 339:Generated_Source\PSoC5/Cm3Start.c ****         unsigned count;
 340:Generated_Source\PSoC5/Cm3Start.c **** 
 341:Generated_Source\PSoC5/Cm3Start.c ****         for (count = 0u; count != limit; count += sizeof (uint32))
 248              		.loc 1 341 0
 249 0026 0023     		movs	r3, #0
 250 0028 7B60     		str	r3, [r7, #4]
 251 002a 0CE0     		b	.L17
 252              	.L18:
 342:Generated_Source\PSoC5/Cm3Start.c ****         {
 343:Generated_Source\PSoC5/Cm3Start.c ****             *dst = *src;
 253              		.loc 1 343 0 discriminator 3
 254 002c FB68     		ldr	r3, [r7, #12]
 255 002e 1A68     		ldr	r2, [r3]
 256 0030 BB68     		ldr	r3, [r7, #8]
 257 0032 1A60     		str	r2, [r3]
 344:Generated_Source\PSoC5/Cm3Start.c ****             dst++;
 258              		.loc 1 344 0 discriminator 3
 259 0034 BB68     		ldr	r3, [r7, #8]
 260 0036 0433     		adds	r3, r3, #4
 261 0038 BB60     		str	r3, [r7, #8]
 345:Generated_Source\PSoC5/Cm3Start.c ****             src++;
 262              		.loc 1 345 0 discriminator 3
 263 003a FB68     		ldr	r3, [r7, #12]
 264 003c 0433     		adds	r3, r3, #4
 265 003e FB60     		str	r3, [r7, #12]
 341:Generated_Source\PSoC5/Cm3Start.c ****         {
 266              		.loc 1 341 0 discriminator 3
 267 0040 7B68     		ldr	r3, [r7, #4]
 268 0042 0433     		adds	r3, r3, #4
 269 0044 7B60     		str	r3, [r7, #4]
 270              	.L17:
 341:Generated_Source\PSoC5/Cm3Start.c ****         {
 271              		.loc 1 341 0 is_stmt 0 discriminator 1
 272 0046 7A68     		ldr	r2, [r7, #4]
 273 0048 3B68     		ldr	r3, [r7]
 274 004a 9A42     		cmp	r2, r3
 275 004c EED1     		bne	.L18
 346:Generated_Source\PSoC5/Cm3Start.c ****         }
ARM GAS  C:\Users\jobaek\AppData\Local\Temp\cc68L4b3.s 			page 12


 347:Generated_Source\PSoC5/Cm3Start.c ****         limit = rptr->zero_size;
 276              		.loc 1 347 0 is_stmt 1
 277 004e 3B69     		ldr	r3, [r7, #16]
 278 0050 DB68     		ldr	r3, [r3, #12]
 279 0052 3B60     		str	r3, [r7]
 348:Generated_Source\PSoC5/Cm3Start.c ****         for (count = 0u; count != limit; count += sizeof (uint32))
 280              		.loc 1 348 0
 281 0054 0023     		movs	r3, #0
 282 0056 7B60     		str	r3, [r7, #4]
 283 0058 08E0     		b	.L19
 284              	.L20:
 349:Generated_Source\PSoC5/Cm3Start.c ****         {
 350:Generated_Source\PSoC5/Cm3Start.c ****             *dst = 0u;
 285              		.loc 1 350 0 discriminator 3
 286 005a BB68     		ldr	r3, [r7, #8]
 287 005c 0022     		movs	r2, #0
 288 005e 1A60     		str	r2, [r3]
 351:Generated_Source\PSoC5/Cm3Start.c ****             dst++;
 289              		.loc 1 351 0 discriminator 3
 290 0060 BB68     		ldr	r3, [r7, #8]
 291 0062 0433     		adds	r3, r3, #4
 292 0064 BB60     		str	r3, [r7, #8]
 348:Generated_Source\PSoC5/Cm3Start.c ****         for (count = 0u; count != limit; count += sizeof (uint32))
 293              		.loc 1 348 0 discriminator 3
 294 0066 7B68     		ldr	r3, [r7, #4]
 295 0068 0433     		adds	r3, r3, #4
 296 006a 7B60     		str	r3, [r7, #4]
 297              	.L19:
 348:Generated_Source\PSoC5/Cm3Start.c ****         for (count = 0u; count != limit; count += sizeof (uint32))
 298              		.loc 1 348 0 is_stmt 0 discriminator 1
 299 006c 7A68     		ldr	r2, [r7, #4]
 300 006e 3B68     		ldr	r3, [r7]
 301 0070 9A42     		cmp	r2, r3
 302 0072 F2D1     		bne	.L20
 352:Generated_Source\PSoC5/Cm3Start.c ****         }
 353:Generated_Source\PSoC5/Cm3Start.c **** 
 354:Generated_Source\PSoC5/Cm3Start.c ****         rptr++;
 303              		.loc 1 354 0 is_stmt 1 discriminator 2
 304 0074 3B69     		ldr	r3, [r7, #16]
 305 0076 1033     		adds	r3, r3, #16
 306 0078 3B61     		str	r3, [r7, #16]
 307              	.LBE2:
 334:Generated_Source\PSoC5/Cm3Start.c ****     {
 308              		.loc 1 334 0 discriminator 2
 309 007a 7B69     		ldr	r3, [r7, #20]
 310 007c 013B     		subs	r3, r3, #1
 311 007e 7B61     		str	r3, [r7, #20]
 312              	.L16:
 334:Generated_Source\PSoC5/Cm3Start.c ****     {
 313              		.loc 1 334 0 is_stmt 0 discriminator 1
 314 0080 7B69     		ldr	r3, [r7, #20]
 315 0082 002B     		cmp	r3, #0
 316 0084 C6D1     		bne	.L21
 355:Generated_Source\PSoC5/Cm3Start.c ****     }
 356:Generated_Source\PSoC5/Cm3Start.c **** 
 357:Generated_Source\PSoC5/Cm3Start.c ****     /* Invoke static objects constructors */
 358:Generated_Source\PSoC5/Cm3Start.c ****     __libc_init_array();
ARM GAS  C:\Users\jobaek\AppData\Local\Temp\cc68L4b3.s 			page 13


 317              		.loc 1 358 0 is_stmt 1
 318 0086 FFF7FEFF 		bl	__libc_init_array
 359:Generated_Source\PSoC5/Cm3Start.c ****     (void) main();
 319              		.loc 1 359 0
 320 008a FFF7FEFF 		bl	main
 321              	.L22:
 360:Generated_Source\PSoC5/Cm3Start.c **** 
 361:Generated_Source\PSoC5/Cm3Start.c ****     while (1)
 362:Generated_Source\PSoC5/Cm3Start.c ****     {
 363:Generated_Source\PSoC5/Cm3Start.c ****         /* If main returns, make sure we don't return. */
 364:Generated_Source\PSoC5/Cm3Start.c ****     }
 322              		.loc 1 364 0 discriminator 1
 323 008e FEE7     		b	.L22
 324              	.L24:
 325              		.align	2
 326              	.L23:
 327 0090 00000000 		.word	__cy_region_num
 328 0094 00000000 		.word	__cy_regions
 329              		.cfi_endproc
 330              	.LFE4:
 331              		.size	Start_c, .-Start_c
 332              		.global	RomVectors
 333              		.section	.romvectors,"a",%progbits
 334              		.align	2
 335              		.type	RomVectors, %object
 336              		.size	RomVectors, 16
 337              	RomVectors:
 338 0000 00000000 		.word	__cy_stack
 339 0004 00000000 		.word	Reset
 340 0008 00000000 		.word	IntDefaultHandler
 341 000c 00000000 		.word	IntDefaultHandler
 342              		.section	.text.initialize_psoc,"ax",%progbits
 343              		.align	2
 344              		.global	initialize_psoc
 345              		.thumb
 346              		.thumb_func
 347              		.type	initialize_psoc, %function
 348              	initialize_psoc:
 349              	.LFB5:
 365:Generated_Source\PSoC5/Cm3Start.c **** }
 366:Generated_Source\PSoC5/Cm3Start.c **** 
 367:Generated_Source\PSoC5/Cm3Start.c **** 
 368:Generated_Source\PSoC5/Cm3Start.c **** #elif defined (__ICCARM__)
 369:Generated_Source\PSoC5/Cm3Start.c **** 
 370:Generated_Source\PSoC5/Cm3Start.c **** /*******************************************************************************
 371:Generated_Source\PSoC5/Cm3Start.c **** * Function Name: __low_level_init
 372:Generated_Source\PSoC5/Cm3Start.c **** ****************************************************************************//**
 373:Generated_Source\PSoC5/Cm3Start.c **** *
 374:Generated_Source\PSoC5/Cm3Start.c **** *  This function performs early initializations for the IAR Embedded
 375:Generated_Source\PSoC5/Cm3Start.c **** *  Workbench IDE. It is executed in the context of a reset interrupt handler
 376:Generated_Source\PSoC5/Cm3Start.c **** *  before the data sections are initialized.
 377:Generated_Source\PSoC5/Cm3Start.c **** *
 378:Generated_Source\PSoC5/Cm3Start.c **** * \return
 379:Generated_Source\PSoC5/Cm3Start.c **** *  The value that determines whether or not data sections should be initialized
 380:Generated_Source\PSoC5/Cm3Start.c **** *  by the system startup code:
 381:Generated_Source\PSoC5/Cm3Start.c **** *    0 - skip data sections initialization;
 382:Generated_Source\PSoC5/Cm3Start.c **** *    1 - initialize data sections;
ARM GAS  C:\Users\jobaek\AppData\Local\Temp\cc68L4b3.s 			page 14


 383:Generated_Source\PSoC5/Cm3Start.c **** *
 384:Generated_Source\PSoC5/Cm3Start.c **** *******************************************************************************/
 385:Generated_Source\PSoC5/Cm3Start.c **** int __low_level_init(void)
 386:Generated_Source\PSoC5/Cm3Start.c **** {
 387:Generated_Source\PSoC5/Cm3Start.c ****     #if (CYDEV_PROJ_TYPE != CYDEV_PROJ_TYPE_LOADABLE && CYDEV_PROJ_TYPE != CYDEV_PROJ_TYPE_LOADABLE
 388:Generated_Source\PSoC5/Cm3Start.c **** 
 389:Generated_Source\PSoC5/Cm3Start.c ****         /* For PSoC 5LP, debugging is enabled by default */
 390:Generated_Source\PSoC5/Cm3Start.c ****         #if(CYDEV_DEBUGGING_ENABLE == 0)
 391:Generated_Source\PSoC5/Cm3Start.c ****             *(reg32 *)(CYDEV_DEBUG_ENABLE_REGISTER) |= CYDEV_DEBUG_ENABLE_MASK;
 392:Generated_Source\PSoC5/Cm3Start.c ****         #endif /* (CYDEV_DEBUGGING_ENABLE) */
 393:Generated_Source\PSoC5/Cm3Start.c **** 
 394:Generated_Source\PSoC5/Cm3Start.c ****         /* Reset Status Register has Read-to-clear SW access mode.
 395:Generated_Source\PSoC5/Cm3Start.c ****         * Preserve current RESET_SR0 state to make it available for next reading.
 396:Generated_Source\PSoC5/Cm3Start.c ****         */
 397:Generated_Source\PSoC5/Cm3Start.c ****         *(reg32 *)(CYREG_PHUB_CFGMEM23_CFG1) = *(reg32 *)(CYREG_RESET_SR0);
 398:Generated_Source\PSoC5/Cm3Start.c **** 
 399:Generated_Source\PSoC5/Cm3Start.c ****     #endif  /* (CYDEV_PROJ_TYPE != CYDEV_PROJ_TYPE_LOADABLE && CYDEV_PROJ_TYPE != CYDEV_PROJ_TYPE_L
 400:Generated_Source\PSoC5/Cm3Start.c **** 
 401:Generated_Source\PSoC5/Cm3Start.c ****     #if ((CYDEV_BOOTLOADER_ENABLE) && (CYDEV_PROJ_TYPE != CYDEV_PROJ_TYPE_LOADABLEANDBOOTLOADER))
 402:Generated_Source\PSoC5/Cm3Start.c ****         CyBtldr_CheckLaunch();
 403:Generated_Source\PSoC5/Cm3Start.c ****     #endif /* ((CYDEV_BOOTLOADER_ENABLE) && (CYDEV_PROJ_TYPE != CYDEV_PROJ_TYPE_LOADABLEANDBOOTLOAD
 404:Generated_Source\PSoC5/Cm3Start.c **** 
 405:Generated_Source\PSoC5/Cm3Start.c ****     /* Initialize data sections */
 406:Generated_Source\PSoC5/Cm3Start.c ****     __iar_data_init3();
 407:Generated_Source\PSoC5/Cm3Start.c **** 
 408:Generated_Source\PSoC5/Cm3Start.c ****     initialize_psoc();
 409:Generated_Source\PSoC5/Cm3Start.c **** 
 410:Generated_Source\PSoC5/Cm3Start.c ****     return 0;
 411:Generated_Source\PSoC5/Cm3Start.c **** }
 412:Generated_Source\PSoC5/Cm3Start.c **** 
 413:Generated_Source\PSoC5/Cm3Start.c **** #endif /* __GNUC__ */
 414:Generated_Source\PSoC5/Cm3Start.c **** 
 415:Generated_Source\PSoC5/Cm3Start.c **** 
 416:Generated_Source\PSoC5/Cm3Start.c **** /*******************************************************************************
 417:Generated_Source\PSoC5/Cm3Start.c **** *
 418:Generated_Source\PSoC5/Cm3Start.c **** * Default Rom Interrupt Vector table.
 419:Generated_Source\PSoC5/Cm3Start.c **** *
 420:Generated_Source\PSoC5/Cm3Start.c **** *******************************************************************************/
 421:Generated_Source\PSoC5/Cm3Start.c **** #if defined(__ARMCC_VERSION)
 422:Generated_Source\PSoC5/Cm3Start.c ****     /* Suppress diagnostic message 1296-D: extended constant initialiser used */
 423:Generated_Source\PSoC5/Cm3Start.c ****     #pragma diag_suppress 1296
 424:Generated_Source\PSoC5/Cm3Start.c **** #endif  /* defined(__ARMCC_VERSION) */
 425:Generated_Source\PSoC5/Cm3Start.c **** 
 426:Generated_Source\PSoC5/Cm3Start.c **** #if defined (__ICCARM__)
 427:Generated_Source\PSoC5/Cm3Start.c ****     #pragma location=".romvectors"
 428:Generated_Source\PSoC5/Cm3Start.c ****     const intvec_elem __vector_table[CY_NUM_ROM_VECTORS] =
 429:Generated_Source\PSoC5/Cm3Start.c **** #else
 430:Generated_Source\PSoC5/Cm3Start.c ****     CY_SECTION(".romvectors")
 431:Generated_Source\PSoC5/Cm3Start.c ****     const cyisraddress RomVectors[CY_NUM_ROM_VECTORS] =
 432:Generated_Source\PSoC5/Cm3Start.c **** #endif  /* defined (__ICCARM__) */
 433:Generated_Source\PSoC5/Cm3Start.c **** {
 434:Generated_Source\PSoC5/Cm3Start.c ****     INITIAL_STACK_POINTER,   /* Initial stack pointer  0 */
 435:Generated_Source\PSoC5/Cm3Start.c ****     #if defined (__ICCARM__) /* Reset handler          1 */
 436:Generated_Source\PSoC5/Cm3Start.c ****         __iar_program_start,
 437:Generated_Source\PSoC5/Cm3Start.c ****     #else
 438:Generated_Source\PSoC5/Cm3Start.c ****         (cyisraddress)&Reset,
 439:Generated_Source\PSoC5/Cm3Start.c ****     #endif  /* defined (__ICCARM__) */
ARM GAS  C:\Users\jobaek\AppData\Local\Temp\cc68L4b3.s 			page 15


 440:Generated_Source\PSoC5/Cm3Start.c ****     &IntDefaultHandler,      /* NMI handler            2 */
 441:Generated_Source\PSoC5/Cm3Start.c ****     &IntDefaultHandler,      /* Hard fault handler     3 */
 442:Generated_Source\PSoC5/Cm3Start.c **** };
 443:Generated_Source\PSoC5/Cm3Start.c **** 
 444:Generated_Source\PSoC5/Cm3Start.c **** #if defined(__ARMCC_VERSION)
 445:Generated_Source\PSoC5/Cm3Start.c ****     #pragma diag_default 1296
 446:Generated_Source\PSoC5/Cm3Start.c **** #endif  /* defined(__ARMCC_VERSION) */
 447:Generated_Source\PSoC5/Cm3Start.c **** 
 448:Generated_Source\PSoC5/Cm3Start.c **** 
 449:Generated_Source\PSoC5/Cm3Start.c **** /*******************************************************************************
 450:Generated_Source\PSoC5/Cm3Start.c **** * Function Name: initialize_psoc
 451:Generated_Source\PSoC5/Cm3Start.c **** ****************************************************************************//**
 452:Generated_Source\PSoC5/Cm3Start.c **** *
 453:Generated_Source\PSoC5/Cm3Start.c **** *  This function used to initialize the PSoC chip before calling main.
 454:Generated_Source\PSoC5/Cm3Start.c **** *
 455:Generated_Source\PSoC5/Cm3Start.c **** *******************************************************************************/
 456:Generated_Source\PSoC5/Cm3Start.c **** #if (defined(__GNUC__) && !defined(__ARMCC_VERSION))
 457:Generated_Source\PSoC5/Cm3Start.c **** __attribute__ ((constructor(101)))
 458:Generated_Source\PSoC5/Cm3Start.c **** #endif
 459:Generated_Source\PSoC5/Cm3Start.c **** void initialize_psoc(void)
 460:Generated_Source\PSoC5/Cm3Start.c **** {
 350              		.loc 1 460 0
 351              		.cfi_startproc
 352              		@ args = 0, pretend = 0, frame = 8
 353              		@ frame_needed = 1, uses_anonymous_args = 0
 354 0000 80B5     		push	{r7, lr}
 355              		.cfi_def_cfa_offset 8
 356              		.cfi_offset 7, -8
 357              		.cfi_offset 14, -4
 358 0002 82B0     		sub	sp, sp, #8
 359              		.cfi_def_cfa_offset 16
 360 0004 00AF     		add	r7, sp, #0
 361              		.cfi_def_cfa_register 7
 461:Generated_Source\PSoC5/Cm3Start.c ****     uint32 i;
 462:Generated_Source\PSoC5/Cm3Start.c **** 
 463:Generated_Source\PSoC5/Cm3Start.c ****     /* Set Priority group 5. */
 464:Generated_Source\PSoC5/Cm3Start.c **** 
 465:Generated_Source\PSoC5/Cm3Start.c ****     /* Writes to NVIC_APINT register require the VECTKEY in the upper half */
 466:Generated_Source\PSoC5/Cm3Start.c ****     *CY_NVIC_APINT_PTR = CY_NVIC_APINT_VECTKEY | CY_NVIC_APINT_PRIGROUP_3_5;
 362              		.loc 1 466 0
 363 0006 184B     		ldr	r3, .L30
 364 0008 184A     		ldr	r2, .L30+4
 365 000a 1A60     		str	r2, [r3]
 467:Generated_Source\PSoC5/Cm3Start.c ****     *CY_NVIC_CFG_CTRL_PTR |= CY_NVIC_CFG_STACKALIGN;
 366              		.loc 1 467 0
 367 000c 184A     		ldr	r2, .L30+8
 368 000e 184B     		ldr	r3, .L30+8
 369 0010 1B68     		ldr	r3, [r3]
 370 0012 43F40073 		orr	r3, r3, #512
 371 0016 1360     		str	r3, [r2]
 468:Generated_Source\PSoC5/Cm3Start.c **** 
 469:Generated_Source\PSoC5/Cm3Start.c ****     /* Set Ram interrupt vectors to default functions. */
 470:Generated_Source\PSoC5/Cm3Start.c ****     for (i = 0u; i < CY_NUM_VECTORS; i++)
 372              		.loc 1 470 0
 373 0018 0023     		movs	r3, #0
 374 001a 7B60     		str	r3, [r7, #4]
 375 001c 0FE0     		b	.L26
ARM GAS  C:\Users\jobaek\AppData\Local\Temp\cc68L4b3.s 			page 16


 376              	.L29:
 471:Generated_Source\PSoC5/Cm3Start.c ****     {
 472:Generated_Source\PSoC5/Cm3Start.c ****         #if defined (__ICCARM__)
 473:Generated_Source\PSoC5/Cm3Start.c ****             CyRamVectors[i] = (i < CY_NUM_ROM_VECTORS) ? __vector_table[i].__fun : &IntDefaultHandl
 474:Generated_Source\PSoC5/Cm3Start.c ****         #else
 475:Generated_Source\PSoC5/Cm3Start.c ****             CyRamVectors[i] = (i < CY_NUM_ROM_VECTORS) ? RomVectors[i] : &IntDefaultHandler;
 377              		.loc 1 475 0
 378 001e 7B68     		ldr	r3, [r7, #4]
 379 0020 032B     		cmp	r3, #3
 380 0022 04D8     		bhi	.L27
 381              		.loc 1 475 0 is_stmt 0 discriminator 1
 382 0024 134A     		ldr	r2, .L30+12
 383 0026 7B68     		ldr	r3, [r7, #4]
 384 0028 52F82330 		ldr	r3, [r2, r3, lsl #2]
 385 002c 00E0     		b	.L28
 386              	.L27:
 387              		.loc 1 475 0 discriminator 2
 388 002e 124B     		ldr	r3, .L30+16
 389              	.L28:
 390              		.loc 1 475 0 discriminator 4
 391 0030 1249     		ldr	r1, .L30+20
 392 0032 7A68     		ldr	r2, [r7, #4]
 393 0034 41F82230 		str	r3, [r1, r2, lsl #2]
 470:Generated_Source\PSoC5/Cm3Start.c ****     {
 394              		.loc 1 470 0 is_stmt 1 discriminator 4
 395 0038 7B68     		ldr	r3, [r7, #4]
 396 003a 0133     		adds	r3, r3, #1
 397 003c 7B60     		str	r3, [r7, #4]
 398              	.L26:
 470:Generated_Source\PSoC5/Cm3Start.c ****     {
 399              		.loc 1 470 0 is_stmt 0 discriminator 2
 400 003e 7B68     		ldr	r3, [r7, #4]
 401 0040 2F2B     		cmp	r3, #47
 402 0042 ECD9     		bls	.L29
 476:Generated_Source\PSoC5/Cm3Start.c ****         #endif  /* defined (__ICCARM__) */
 477:Generated_Source\PSoC5/Cm3Start.c ****     }
 478:Generated_Source\PSoC5/Cm3Start.c **** 
 479:Generated_Source\PSoC5/Cm3Start.c ****     /* Was stored in CFGMEM to avoid being cleared while SRAM gets cleared */
 480:Generated_Source\PSoC5/Cm3Start.c ****     CyResetStatus = CY_GET_REG8(CYREG_PHUB_CFGMEM23_CFG1);
 403              		.loc 1 480 0 is_stmt 1
 404 0044 0E4B     		ldr	r3, .L30+24
 405 0046 1B78     		ldrb	r3, [r3]
 406 0048 DAB2     		uxtb	r2, r3
 407 004a 0E4B     		ldr	r3, .L30+28
 408 004c 1A70     		strb	r2, [r3]
 481:Generated_Source\PSoC5/Cm3Start.c **** 
 482:Generated_Source\PSoC5/Cm3Start.c ****     /* Point NVIC at RAM vector table. */
 483:Generated_Source\PSoC5/Cm3Start.c ****     *CYINT_VECT_TABLE = CyRamVectors;
 409              		.loc 1 483 0
 410 004e 0E4B     		ldr	r3, .L30+32
 411 0050 0A4A     		ldr	r2, .L30+20
 412 0052 1A60     		str	r2, [r3]
 484:Generated_Source\PSoC5/Cm3Start.c **** 
 485:Generated_Source\PSoC5/Cm3Start.c ****     /* Initialize the configuration registers. */
 486:Generated_Source\PSoC5/Cm3Start.c ****     cyfitter_cfg();
 413              		.loc 1 486 0
 414 0054 FFF7FEFF 		bl	cyfitter_cfg
ARM GAS  C:\Users\jobaek\AppData\Local\Temp\cc68L4b3.s 			page 17


 487:Generated_Source\PSoC5/Cm3Start.c **** 
 488:Generated_Source\PSoC5/Cm3Start.c ****     #if(0u != DMA_CHANNELS_USED__MASK0)
 489:Generated_Source\PSoC5/Cm3Start.c **** 
 490:Generated_Source\PSoC5/Cm3Start.c ****         /* Setup DMA - only necessary if design contains DMA component. */
 491:Generated_Source\PSoC5/Cm3Start.c ****         CyDmacConfigure();
 492:Generated_Source\PSoC5/Cm3Start.c **** 
 493:Generated_Source\PSoC5/Cm3Start.c ****     #endif  /* (0u != DMA_CHANNELS_USED__MASK0) */
 494:Generated_Source\PSoC5/Cm3Start.c **** 
 495:Generated_Source\PSoC5/Cm3Start.c ****     #if !defined (__ICCARM__)
 496:Generated_Source\PSoC5/Cm3Start.c ****         /* Actually, no need to clean this variable, just to make compiler happy. */
 497:Generated_Source\PSoC5/Cm3Start.c ****         cySysNoInitDataValid = 0u;
 415              		.loc 1 497 0
 416 0058 0C4B     		ldr	r3, .L30+36
 417 005a 0022     		movs	r2, #0
 418 005c 1A60     		str	r2, [r3]
 498:Generated_Source\PSoC5/Cm3Start.c ****     #endif  /* !defined (__ICCARM__) */
 499:Generated_Source\PSoC5/Cm3Start.c **** }
 419              		.loc 1 499 0
 420 005e 00BF     		nop
 421 0060 0837     		adds	r7, r7, #8
 422              		.cfi_def_cfa_offset 8
 423 0062 BD46     		mov	sp, r7
 424              		.cfi_def_cfa_register 13
 425              		@ sp needed
 426 0064 80BD     		pop	{r7, pc}
 427              	.L31:
 428 0066 00BF     		.align	2
 429              	.L30:
 430 0068 0CED00E0 		.word	-536810228
 431 006c 0004FA05 		.word	100271104
 432 0070 14ED00E0 		.word	-536810220
 433 0074 00000000 		.word	RomVectors
 434 0078 00000000 		.word	IntDefaultHandler
 435 007c 00000000 		.word	CyRamVectors
 436 0080 BC760040 		.word	1073772220
 437 0084 00000000 		.word	CyResetStatus
 438 0088 08ED00E0 		.word	-536810232
 439 008c 00000000 		.word	cySysNoInitDataValid
 440              		.cfi_endproc
 441              	.LFE5:
 442              		.size	initialize_psoc, .-initialize_psoc
 443              		.section	.init_array,"aw",%init_array
 444              		.align	2
 445 0000 00000000 		.word	initialize_psoc(target1)
 446              		.data
 447              		.align	2
 448              		.type	heapPointer.5073, %object
 449              		.size	heapPointer.5073, 4
 450              	heapPointer.5073:
 451 0000 00000000 		.word	end
 452              		.weak	__cy_region_num
 453              		.text
 454              	.Letext0:
 455              		.file 2 "c:\\program files (x86)\\cypress\\psoc creator\\4.4\\psoc creator\\import\\gnu\\arm\\5.4.
 456              		.file 3 "Generated_Source\\PSoC5\\cytypes.h"
 457              		.file 4 "Generated_Source\\PSoC5\\CyLib.h"
 458              		.section	.debug_info,"",%progbits
ARM GAS  C:\Users\jobaek\AppData\Local\Temp\cc68L4b3.s 			page 18


 459              	.Ldebug_info0:
 460 0000 27030000 		.4byte	0x327
 461 0004 0400     		.2byte	0x4
 462 0006 00000000 		.4byte	.Ldebug_abbrev0
 463 000a 04       		.byte	0x4
 464 000b 01       		.uleb128 0x1
 465 000c 0D000000 		.4byte	.LASF44
 466 0010 0C       		.byte	0xc
 467 0011 A1010000 		.4byte	.LASF45
 468 0015 50010000 		.4byte	.LASF46
 469 0019 00000000 		.4byte	.Ldebug_ranges0+0
 470 001d 00000000 		.4byte	0
 471 0021 00000000 		.4byte	.Ldebug_line0
 472 0025 02       		.uleb128 0x2
 473 0026 01       		.byte	0x1
 474 0027 06       		.byte	0x6
 475 0028 8E020000 		.4byte	.LASF0
 476 002c 02       		.uleb128 0x2
 477 002d 01       		.byte	0x1
 478 002e 08       		.byte	0x8
 479 002f 19010000 		.4byte	.LASF1
 480 0033 02       		.uleb128 0x2
 481 0034 02       		.byte	0x2
 482 0035 05       		.byte	0x5
 483 0036 5A020000 		.4byte	.LASF2
 484 003a 02       		.uleb128 0x2
 485 003b 02       		.byte	0x2
 486 003c 07       		.byte	0x7
 487 003d D0000000 		.4byte	.LASF3
 488 0041 02       		.uleb128 0x2
 489 0042 04       		.byte	0x4
 490 0043 05       		.byte	0x5
 491 0044 79020000 		.4byte	.LASF4
 492 0048 02       		.uleb128 0x2
 493 0049 04       		.byte	0x4
 494 004a 07       		.byte	0x7
 495 004b 3E010000 		.4byte	.LASF5
 496 004f 02       		.uleb128 0x2
 497 0050 08       		.byte	0x8
 498 0051 05       		.byte	0x5
 499 0052 47020000 		.4byte	.LASF6
 500 0056 02       		.uleb128 0x2
 501 0057 08       		.byte	0x8
 502 0058 07       		.byte	0x7
 503 0059 F4010000 		.4byte	.LASF7
 504 005d 03       		.uleb128 0x3
 505 005e 04       		.byte	0x4
 506 005f 05       		.byte	0x5
 507 0060 696E7400 		.ascii	"int\000"
 508 0064 02       		.uleb128 0x2
 509 0065 04       		.byte	0x4
 510 0066 07       		.byte	0x7
 511 0067 E7010000 		.4byte	.LASF8
 512 006b 04       		.uleb128 0x4
 513 006c 06000000 		.4byte	.LASF10
 514 0070 02       		.byte	0x2
 515 0071 D8       		.byte	0xd8
ARM GAS  C:\Users\jobaek\AppData\Local\Temp\cc68L4b3.s 			page 19


 516 0072 64000000 		.4byte	0x64
 517 0076 02       		.uleb128 0x2
 518 0077 08       		.byte	0x8
 519 0078 04       		.byte	0x4
 520 0079 82020000 		.4byte	.LASF9
 521 007d 05       		.uleb128 0x5
 522 007e 8F010000 		.4byte	.LASF11
 523 0082 03       		.byte	0x3
 524 0083 E401     		.2byte	0x1e4
 525 0085 2C000000 		.4byte	0x2c
 526 0089 05       		.uleb128 0x5
 527 008a E0010000 		.4byte	.LASF12
 528 008e 03       		.byte	0x3
 529 008f E601     		.2byte	0x1e6
 530 0091 48000000 		.4byte	0x48
 531 0095 02       		.uleb128 0x2
 532 0096 04       		.byte	0x4
 533 0097 04       		.byte	0x4
 534 0098 0E010000 		.4byte	.LASF13
 535 009c 02       		.uleb128 0x2
 536 009d 08       		.byte	0x8
 537 009e 04       		.byte	0x4
 538 009f C9010000 		.4byte	.LASF14
 539 00a3 02       		.uleb128 0x2
 540 00a4 01       		.byte	0x1
 541 00a5 08       		.byte	0x8
 542 00a6 55020000 		.4byte	.LASF15
 543 00aa 05       		.uleb128 0x5
 544 00ab 39020000 		.4byte	.LASF16
 545 00af 03       		.byte	0x3
 546 00b0 8E02     		.2byte	0x28e
 547 00b2 B6000000 		.4byte	0xb6
 548 00b6 06       		.uleb128 0x6
 549 00b7 7D000000 		.4byte	0x7d
 550 00bb 05       		.uleb128 0x5
 551 00bc 00000000 		.4byte	.LASF17
 552 00c0 03       		.byte	0x3
 553 00c1 9002     		.2byte	0x290
 554 00c3 C7000000 		.4byte	0xc7
 555 00c7 06       		.uleb128 0x6
 556 00c8 89000000 		.4byte	0x89
 557 00cc 05       		.uleb128 0x5
 558 00cd 11020000 		.4byte	.LASF18
 559 00d1 03       		.byte	0x3
 560 00d2 A002     		.2byte	0x2a0
 561 00d4 D8000000 		.4byte	0xd8
 562 00d8 07       		.uleb128 0x7
 563 00d9 04       		.byte	0x4
 564 00da DE000000 		.4byte	0xde
 565 00de 08       		.uleb128 0x8
 566 00df 02       		.uleb128 0x2
 567 00e0 04       		.byte	0x4
 568 00e1 07       		.byte	0x7
 569 00e2 3E020000 		.4byte	.LASF19
 570 00e6 09       		.uleb128 0x9
 571 00e7 04       		.byte	0x4
 572 00e8 0A       		.uleb128 0xa
ARM GAS  C:\Users\jobaek\AppData\Local\Temp\cc68L4b3.s 			page 20


 573 00e9 A3000000 		.4byte	0xa3
 574 00ed 04       		.uleb128 0x4
 575 00ee 28020000 		.4byte	.LASF20
 576 00f2 01       		.byte	0x1
 577 00f3 CE       		.byte	0xce
 578 00f4 2C000000 		.4byte	0x2c
 579 00f8 0B       		.uleb128 0xb
 580 00f9 C8020000 		.4byte	.LASF47
 581 00fd 10       		.byte	0x10
 582 00fe 01       		.byte	0x1
 583 00ff D0       		.byte	0xd0
 584 0100 35010000 		.4byte	0x135
 585 0104 0C       		.uleb128 0xc
 586 0105 F3000000 		.4byte	.LASF21
 587 0109 01       		.byte	0x1
 588 010a D2       		.byte	0xd2
 589 010b 35010000 		.4byte	0x135
 590 010f 00       		.byte	0
 591 0110 0C       		.uleb128 0xc
 592 0111 14010000 		.4byte	.LASF22
 593 0115 01       		.byte	0x1
 594 0116 D3       		.byte	0xd3
 595 0117 35010000 		.4byte	0x135
 596 011b 04       		.byte	0x4
 597 011c 0C       		.uleb128 0xc
 598 011d 1E020000 		.4byte	.LASF23
 599 0121 01       		.byte	0x1
 600 0122 D4       		.byte	0xd4
 601 0123 6B000000 		.4byte	0x6b
 602 0127 08       		.byte	0x8
 603 0128 0C       		.uleb128 0xc
 604 0129 FF000000 		.4byte	.LASF24
 605 012d 01       		.byte	0x1
 606 012e D5       		.byte	0xd5
 607 012f 6B000000 		.4byte	0x6b
 608 0133 0C       		.byte	0xc
 609 0134 00       		.byte	0
 610 0135 07       		.uleb128 0x7
 611 0136 04       		.byte	0x4
 612 0137 ED000000 		.4byte	0xed
 613 013b 0D       		.uleb128 0xd
 614 013c 9A020000 		.4byte	.LASF31
 615 0140 01       		.byte	0x1
 616 0141 5A       		.byte	0x5a
 617 0142 00000000 		.4byte	.LFB0
 618 0146 14000000 		.4byte	.LFE0-.LFB0
 619 014a 01       		.uleb128 0x1
 620 014b 9C       		.byte	0x9c
 621 014c 0E       		.uleb128 0xe
 622 014d 9B010000 		.4byte	.LASF25
 623 0151 01       		.byte	0x1
 624 0152 EE       		.byte	0xee
 625 0153 00000000 		.4byte	.LFB1
 626 0157 14000000 		.4byte	.LFE1-.LFB1
 627 015b 01       		.uleb128 0x1
 628 015c 9C       		.byte	0x9c
 629 015d 70010000 		.4byte	0x170
ARM GAS  C:\Users\jobaek\AppData\Local\Temp\cc68L4b3.s 			page 21


 630 0161 0F       		.uleb128 0xf
 631 0162 F8000000 		.4byte	.LASF27
 632 0166 01       		.byte	0x1
 633 0167 EE       		.byte	0xee
 634 0168 5D000000 		.4byte	0x5d
 635 016c 02       		.uleb128 0x2
 636 016d 91       		.byte	0x91
 637 016e 74       		.sleb128 -12
 638 016f 00       		.byte	0
 639 0170 10       		.uleb128 0x10
 640 0171 C3010000 		.4byte	.LASF26
 641 0175 01       		.byte	0x1
 642 0176 0701     		.2byte	0x107
 643 0178 E6000000 		.4byte	0xe6
 644 017c 00000000 		.4byte	.LFB2
 645 0180 50000000 		.4byte	.LFE2-.LFB2
 646 0184 01       		.uleb128 0x1
 647 0185 9C       		.byte	0x9c
 648 0186 C7010000 		.4byte	0x1c7
 649 018a 11       		.uleb128 0x11
 650 018b C1020000 		.4byte	.LASF28
 651 018f 01       		.byte	0x1
 652 0190 0701     		.2byte	0x107
 653 0192 5D000000 		.4byte	0x5d
 654 0196 02       		.uleb128 0x2
 655 0197 91       		.byte	0x91
 656 0198 6C       		.sleb128 -20
 657 0199 12       		.uleb128 0x12
 658 019a 656E6400 		.ascii	"end\000"
 659 019e 01       		.byte	0x1
 660 019f 0901     		.2byte	0x109
 661 01a1 5D000000 		.4byte	0x5d
 662 01a5 13       		.uleb128 0x13
 663 01a6 27010000 		.4byte	.LASF29
 664 01aa 01       		.byte	0x1
 665 01ab 0A01     		.2byte	0x10a
 666 01ad E6000000 		.4byte	0xe6
 667 01b1 02       		.uleb128 0x2
 668 01b2 91       		.byte	0x91
 669 01b3 74       		.sleb128 -12
 670 01b4 13       		.uleb128 0x13
 671 01b5 C4000000 		.4byte	.LASF30
 672 01b9 01       		.byte	0x1
 673 01ba 0D01     		.2byte	0x10d
 674 01bc C7010000 		.4byte	0x1c7
 675 01c0 05       		.uleb128 0x5
 676 01c1 03       		.byte	0x3
 677 01c2 00000000 		.4byte	heapPointer.5073
 678 01c6 00       		.byte	0
 679 01c7 07       		.uleb128 0x7
 680 01c8 04       		.byte	0x4
 681 01c9 7D000000 		.4byte	0x7d
 682 01cd 14       		.uleb128 0x14
 683 01ce 95010000 		.4byte	.LASF32
 684 01d2 01       		.byte	0x1
 685 01d3 2601     		.2byte	0x126
 686 01d5 00000000 		.4byte	.LFB3
ARM GAS  C:\Users\jobaek\AppData\Local\Temp\cc68L4b3.s 			page 22


 687 01d9 1C000000 		.4byte	.LFE3-.LFB3
 688 01dd 01       		.uleb128 0x1
 689 01de 9C       		.byte	0x9c
 690 01df 15       		.uleb128 0x15
 691 01e0 B6000000 		.4byte	.LASF33
 692 01e4 01       		.byte	0x1
 693 01e5 4801     		.2byte	0x148
 694 01e7 00000000 		.4byte	.LFB4
 695 01eb 98000000 		.4byte	.LFE4-.LFB4
 696 01ef 01       		.uleb128 0x1
 697 01f0 9C       		.byte	0x9c
 698 01f1 5A020000 		.4byte	0x25a
 699 01f5 13       		.uleb128 0x13
 700 01f6 B9020000 		.4byte	.LASF34
 701 01fa 01       		.byte	0x1
 702 01fb 4A01     		.2byte	0x14a
 703 01fd 64000000 		.4byte	0x64
 704 0201 02       		.uleb128 0x2
 705 0202 91       		.byte	0x91
 706 0203 74       		.sleb128 -12
 707 0204 13       		.uleb128 0x13
 708 0205 09010000 		.4byte	.LASF35
 709 0209 01       		.byte	0x1
 710 020a 4B01     		.2byte	0x14b
 711 020c 5A020000 		.4byte	0x25a
 712 0210 02       		.uleb128 0x2
 713 0211 91       		.byte	0x91
 714 0212 70       		.sleb128 -16
 715 0213 16       		.uleb128 0x16
 716 0214 14000000 		.4byte	.LBB2
 717 0218 66000000 		.4byte	.LBE2-.LBB2
 718 021c 17       		.uleb128 0x17
 719 021d 73726300 		.ascii	"src\000"
 720 0221 01       		.byte	0x1
 721 0222 5001     		.2byte	0x150
 722 0224 65020000 		.4byte	0x265
 723 0228 02       		.uleb128 0x2
 724 0229 91       		.byte	0x91
 725 022a 6C       		.sleb128 -20
 726 022b 17       		.uleb128 0x17
 727 022c 64737400 		.ascii	"dst\000"
 728 0230 01       		.byte	0x1
 729 0231 5101     		.2byte	0x151
 730 0233 65020000 		.4byte	0x265
 731 0237 02       		.uleb128 0x2
 732 0238 91       		.byte	0x91
 733 0239 68       		.sleb128 -24
 734 023a 13       		.uleb128 0x13
 735 023b 0B020000 		.4byte	.LASF36
 736 023f 01       		.byte	0x1
 737 0240 5201     		.2byte	0x152
 738 0242 64000000 		.4byte	0x64
 739 0246 02       		.uleb128 0x2
 740 0247 91       		.byte	0x91
 741 0248 60       		.sleb128 -32
 742 0249 13       		.uleb128 0x13
 743 024a BE000000 		.4byte	.LASF37
ARM GAS  C:\Users\jobaek\AppData\Local\Temp\cc68L4b3.s 			page 23


 744 024e 01       		.byte	0x1
 745 024f 5301     		.2byte	0x153
 746 0251 64000000 		.4byte	0x64
 747 0255 02       		.uleb128 0x2
 748 0256 91       		.byte	0x91
 749 0257 64       		.sleb128 -28
 750 0258 00       		.byte	0
 751 0259 00       		.byte	0
 752 025a 07       		.uleb128 0x7
 753 025b 04       		.byte	0x4
 754 025c 60020000 		.4byte	0x260
 755 0260 0A       		.uleb128 0xa
 756 0261 F8000000 		.4byte	0xf8
 757 0265 07       		.uleb128 0x7
 758 0266 04       		.byte	0x4
 759 0267 89000000 		.4byte	0x89
 760 026b 18       		.uleb128 0x18
 761 026c D0010000 		.4byte	.LASF48
 762 0270 01       		.byte	0x1
 763 0271 CB01     		.2byte	0x1cb
 764 0273 00000000 		.4byte	.LFB5
 765 0277 90000000 		.4byte	.LFE5-.LFB5
 766 027b 01       		.uleb128 0x1
 767 027c 9C       		.byte	0x9c
 768 027d 8F020000 		.4byte	0x28f
 769 0281 17       		.uleb128 0x17
 770 0282 6900     		.ascii	"i\000"
 771 0284 01       		.byte	0x1
 772 0285 CD01     		.2byte	0x1cd
 773 0287 89000000 		.4byte	0x89
 774 028b 02       		.uleb128 0x2
 775 028c 91       		.byte	0x91
 776 028d 74       		.sleb128 -12
 777 028e 00       		.byte	0
 778 028f 19       		.uleb128 0x19
 779 0290 64020000 		.4byte	.LASF38
 780 0294 01       		.byte	0x1
 781 0295 3E       		.byte	0x3e
 782 0296 89000000 		.4byte	0x89
 783 029a 05       		.uleb128 0x5
 784 029b 03       		.byte	0x3
 785 029c 00000000 		.4byte	cySysNoInitDataValid
 786 02a0 1A       		.uleb128 0x1a
 787 02a1 A8000000 		.4byte	.LASF39
 788 02a5 04       		.byte	0x4
 789 02a6 2C       		.byte	0x2c
 790 02a7 7D000000 		.4byte	0x7d
 791 02ab 12       		.uleb128 0x12
 792 02ac 656E6400 		.ascii	"end\000"
 793 02b0 01       		.byte	0x1
 794 02b1 0901     		.2byte	0x109
 795 02b3 5D000000 		.4byte	0x5d
 796 02b7 1B       		.uleb128 0x1b
 797 02b8 CC000000 		.4byte	0xcc
 798 02bc C7020000 		.4byte	0x2c7
 799 02c0 1C       		.uleb128 0x1c
 800 02c1 DF000000 		.4byte	0xdf
ARM GAS  C:\Users\jobaek\AppData\Local\Temp\cc68L4b3.s 			page 24


 801 02c5 2F       		.byte	0x2f
 802 02c6 00       		.byte	0
 803 02c7 1D       		.uleb128 0x1d
 804 02c8 9B000000 		.4byte	.LASF40
 805 02cc 01       		.byte	0x1
 806 02cd 4C       		.byte	0x4c
 807 02ce B7020000 		.4byte	0x2b7
 808 02d2 05       		.uleb128 0x5
 809 02d3 03       		.byte	0x3
 810 02d4 00000000 		.4byte	CyRamVectors
 811 02d8 1B       		.uleb128 0x1b
 812 02d9 60020000 		.4byte	0x260
 813 02dd E3020000 		.4byte	0x2e3
 814 02e1 1E       		.uleb128 0x1e
 815 02e2 00       		.byte	0
 816 02e3 1A       		.uleb128 0x1a
 817 02e4 AC020000 		.4byte	.LASF41
 818 02e8 01       		.byte	0x1
 819 02e9 D8       		.byte	0xd8
 820 02ea EE020000 		.4byte	0x2ee
 821 02ee 0A       		.uleb128 0xa
 822 02ef D8020000 		.4byte	0x2d8
 823 02f3 1A       		.uleb128 0x1a
 824 02f4 E3000000 		.4byte	.LASF42
 825 02f8 01       		.byte	0x1
 826 02f9 D9       		.byte	0xd9
 827 02fa E8000000 		.4byte	0xe8
 828 02fe 1B       		.uleb128 0x1b
 829 02ff 0E030000 		.4byte	0x30e
 830 0303 0E030000 		.4byte	0x30e
 831 0307 1C       		.uleb128 0x1c
 832 0308 DF000000 		.4byte	0xdf
 833 030c 03       		.byte	0x3
 834 030d 00       		.byte	0
 835 030e 0A       		.uleb128 0xa
 836 030f CC000000 		.4byte	0xcc
 837 0313 1F       		.uleb128 0x1f
 838 0314 33010000 		.4byte	.LASF43
 839 0318 01       		.byte	0x1
 840 0319 AF01     		.2byte	0x1af
 841 031b 25030000 		.4byte	0x325
 842 031f 05       		.uleb128 0x5
 843 0320 03       		.byte	0x3
 844 0321 00000000 		.4byte	RomVectors
 845 0325 0A       		.uleb128 0xa
 846 0326 FE020000 		.4byte	0x2fe
 847 032a 00       		.byte	0
 848              		.section	.debug_abbrev,"",%progbits
 849              	.Ldebug_abbrev0:
 850 0000 01       		.uleb128 0x1
 851 0001 11       		.uleb128 0x11
 852 0002 01       		.byte	0x1
 853 0003 25       		.uleb128 0x25
 854 0004 0E       		.uleb128 0xe
 855 0005 13       		.uleb128 0x13
 856 0006 0B       		.uleb128 0xb
 857 0007 03       		.uleb128 0x3
ARM GAS  C:\Users\jobaek\AppData\Local\Temp\cc68L4b3.s 			page 25


 858 0008 0E       		.uleb128 0xe
 859 0009 1B       		.uleb128 0x1b
 860 000a 0E       		.uleb128 0xe
 861 000b 55       		.uleb128 0x55
 862 000c 17       		.uleb128 0x17
 863 000d 11       		.uleb128 0x11
 864 000e 01       		.uleb128 0x1
 865 000f 10       		.uleb128 0x10
 866 0010 17       		.uleb128 0x17
 867 0011 00       		.byte	0
 868 0012 00       		.byte	0
 869 0013 02       		.uleb128 0x2
 870 0014 24       		.uleb128 0x24
 871 0015 00       		.byte	0
 872 0016 0B       		.uleb128 0xb
 873 0017 0B       		.uleb128 0xb
 874 0018 3E       		.uleb128 0x3e
 875 0019 0B       		.uleb128 0xb
 876 001a 03       		.uleb128 0x3
 877 001b 0E       		.uleb128 0xe
 878 001c 00       		.byte	0
 879 001d 00       		.byte	0
 880 001e 03       		.uleb128 0x3
 881 001f 24       		.uleb128 0x24
 882 0020 00       		.byte	0
 883 0021 0B       		.uleb128 0xb
 884 0022 0B       		.uleb128 0xb
 885 0023 3E       		.uleb128 0x3e
 886 0024 0B       		.uleb128 0xb
 887 0025 03       		.uleb128 0x3
 888 0026 08       		.uleb128 0x8
 889 0027 00       		.byte	0
 890 0028 00       		.byte	0
 891 0029 04       		.uleb128 0x4
 892 002a 16       		.uleb128 0x16
 893 002b 00       		.byte	0
 894 002c 03       		.uleb128 0x3
 895 002d 0E       		.uleb128 0xe
 896 002e 3A       		.uleb128 0x3a
 897 002f 0B       		.uleb128 0xb
 898 0030 3B       		.uleb128 0x3b
 899 0031 0B       		.uleb128 0xb
 900 0032 49       		.uleb128 0x49
 901 0033 13       		.uleb128 0x13
 902 0034 00       		.byte	0
 903 0035 00       		.byte	0
 904 0036 05       		.uleb128 0x5
 905 0037 16       		.uleb128 0x16
 906 0038 00       		.byte	0
 907 0039 03       		.uleb128 0x3
 908 003a 0E       		.uleb128 0xe
 909 003b 3A       		.uleb128 0x3a
 910 003c 0B       		.uleb128 0xb
 911 003d 3B       		.uleb128 0x3b
 912 003e 05       		.uleb128 0x5
 913 003f 49       		.uleb128 0x49
 914 0040 13       		.uleb128 0x13
ARM GAS  C:\Users\jobaek\AppData\Local\Temp\cc68L4b3.s 			page 26


 915 0041 00       		.byte	0
 916 0042 00       		.byte	0
 917 0043 06       		.uleb128 0x6
 918 0044 35       		.uleb128 0x35
 919 0045 00       		.byte	0
 920 0046 49       		.uleb128 0x49
 921 0047 13       		.uleb128 0x13
 922 0048 00       		.byte	0
 923 0049 00       		.byte	0
 924 004a 07       		.uleb128 0x7
 925 004b 0F       		.uleb128 0xf
 926 004c 00       		.byte	0
 927 004d 0B       		.uleb128 0xb
 928 004e 0B       		.uleb128 0xb
 929 004f 49       		.uleb128 0x49
 930 0050 13       		.uleb128 0x13
 931 0051 00       		.byte	0
 932 0052 00       		.byte	0
 933 0053 08       		.uleb128 0x8
 934 0054 15       		.uleb128 0x15
 935 0055 00       		.byte	0
 936 0056 27       		.uleb128 0x27
 937 0057 19       		.uleb128 0x19
 938 0058 00       		.byte	0
 939 0059 00       		.byte	0
 940 005a 09       		.uleb128 0x9
 941 005b 0F       		.uleb128 0xf
 942 005c 00       		.byte	0
 943 005d 0B       		.uleb128 0xb
 944 005e 0B       		.uleb128 0xb
 945 005f 00       		.byte	0
 946 0060 00       		.byte	0
 947 0061 0A       		.uleb128 0xa
 948 0062 26       		.uleb128 0x26
 949 0063 00       		.byte	0
 950 0064 49       		.uleb128 0x49
 951 0065 13       		.uleb128 0x13
 952 0066 00       		.byte	0
 953 0067 00       		.byte	0
 954 0068 0B       		.uleb128 0xb
 955 0069 13       		.uleb128 0x13
 956 006a 01       		.byte	0x1
 957 006b 03       		.uleb128 0x3
 958 006c 0E       		.uleb128 0xe
 959 006d 0B       		.uleb128 0xb
 960 006e 0B       		.uleb128 0xb
 961 006f 3A       		.uleb128 0x3a
 962 0070 0B       		.uleb128 0xb
 963 0071 3B       		.uleb128 0x3b
 964 0072 0B       		.uleb128 0xb
 965 0073 01       		.uleb128 0x1
 966 0074 13       		.uleb128 0x13
 967 0075 00       		.byte	0
 968 0076 00       		.byte	0
 969 0077 0C       		.uleb128 0xc
 970 0078 0D       		.uleb128 0xd
 971 0079 00       		.byte	0
ARM GAS  C:\Users\jobaek\AppData\Local\Temp\cc68L4b3.s 			page 27


 972 007a 03       		.uleb128 0x3
 973 007b 0E       		.uleb128 0xe
 974 007c 3A       		.uleb128 0x3a
 975 007d 0B       		.uleb128 0xb
 976 007e 3B       		.uleb128 0x3b
 977 007f 0B       		.uleb128 0xb
 978 0080 49       		.uleb128 0x49
 979 0081 13       		.uleb128 0x13
 980 0082 38       		.uleb128 0x38
 981 0083 0B       		.uleb128 0xb
 982 0084 00       		.byte	0
 983 0085 00       		.byte	0
 984 0086 0D       		.uleb128 0xd
 985 0087 2E       		.uleb128 0x2e
 986 0088 00       		.byte	0
 987 0089 3F       		.uleb128 0x3f
 988 008a 19       		.uleb128 0x19
 989 008b 03       		.uleb128 0x3
 990 008c 0E       		.uleb128 0xe
 991 008d 3A       		.uleb128 0x3a
 992 008e 0B       		.uleb128 0xb
 993 008f 3B       		.uleb128 0x3b
 994 0090 0B       		.uleb128 0xb
 995 0091 27       		.uleb128 0x27
 996 0092 19       		.uleb128 0x19
 997 0093 11       		.uleb128 0x11
 998 0094 01       		.uleb128 0x1
 999 0095 12       		.uleb128 0x12
 1000 0096 06       		.uleb128 0x6
 1001 0097 40       		.uleb128 0x40
 1002 0098 18       		.uleb128 0x18
 1003 0099 9642     		.uleb128 0x2116
 1004 009b 19       		.uleb128 0x19
 1005 009c 00       		.byte	0
 1006 009d 00       		.byte	0
 1007 009e 0E       		.uleb128 0xe
 1008 009f 2E       		.uleb128 0x2e
 1009 00a0 01       		.byte	0x1
 1010 00a1 3F       		.uleb128 0x3f
 1011 00a2 19       		.uleb128 0x19
 1012 00a3 03       		.uleb128 0x3
 1013 00a4 0E       		.uleb128 0xe
 1014 00a5 3A       		.uleb128 0x3a
 1015 00a6 0B       		.uleb128 0xb
 1016 00a7 3B       		.uleb128 0x3b
 1017 00a8 0B       		.uleb128 0xb
 1018 00a9 27       		.uleb128 0x27
 1019 00aa 19       		.uleb128 0x19
 1020 00ab 8701     		.uleb128 0x87
 1021 00ad 19       		.uleb128 0x19
 1022 00ae 11       		.uleb128 0x11
 1023 00af 01       		.uleb128 0x1
 1024 00b0 12       		.uleb128 0x12
 1025 00b1 06       		.uleb128 0x6
 1026 00b2 40       		.uleb128 0x40
 1027 00b3 18       		.uleb128 0x18
 1028 00b4 9642     		.uleb128 0x2116
ARM GAS  C:\Users\jobaek\AppData\Local\Temp\cc68L4b3.s 			page 28


 1029 00b6 19       		.uleb128 0x19
 1030 00b7 01       		.uleb128 0x1
 1031 00b8 13       		.uleb128 0x13
 1032 00b9 00       		.byte	0
 1033 00ba 00       		.byte	0
 1034 00bb 0F       		.uleb128 0xf
 1035 00bc 05       		.uleb128 0x5
 1036 00bd 00       		.byte	0
 1037 00be 03       		.uleb128 0x3
 1038 00bf 0E       		.uleb128 0xe
 1039 00c0 3A       		.uleb128 0x3a
 1040 00c1 0B       		.uleb128 0xb
 1041 00c2 3B       		.uleb128 0x3b
 1042 00c3 0B       		.uleb128 0xb
 1043 00c4 49       		.uleb128 0x49
 1044 00c5 13       		.uleb128 0x13
 1045 00c6 02       		.uleb128 0x2
 1046 00c7 18       		.uleb128 0x18
 1047 00c8 00       		.byte	0
 1048 00c9 00       		.byte	0
 1049 00ca 10       		.uleb128 0x10
 1050 00cb 2E       		.uleb128 0x2e
 1051 00cc 01       		.byte	0x1
 1052 00cd 3F       		.uleb128 0x3f
 1053 00ce 19       		.uleb128 0x19
 1054 00cf 03       		.uleb128 0x3
 1055 00d0 0E       		.uleb128 0xe
 1056 00d1 3A       		.uleb128 0x3a
 1057 00d2 0B       		.uleb128 0xb
 1058 00d3 3B       		.uleb128 0x3b
 1059 00d4 05       		.uleb128 0x5
 1060 00d5 27       		.uleb128 0x27
 1061 00d6 19       		.uleb128 0x19
 1062 00d7 49       		.uleb128 0x49
 1063 00d8 13       		.uleb128 0x13
 1064 00d9 11       		.uleb128 0x11
 1065 00da 01       		.uleb128 0x1
 1066 00db 12       		.uleb128 0x12
 1067 00dc 06       		.uleb128 0x6
 1068 00dd 40       		.uleb128 0x40
 1069 00de 18       		.uleb128 0x18
 1070 00df 9642     		.uleb128 0x2116
 1071 00e1 19       		.uleb128 0x19
 1072 00e2 01       		.uleb128 0x1
 1073 00e3 13       		.uleb128 0x13
 1074 00e4 00       		.byte	0
 1075 00e5 00       		.byte	0
 1076 00e6 11       		.uleb128 0x11
 1077 00e7 05       		.uleb128 0x5
 1078 00e8 00       		.byte	0
 1079 00e9 03       		.uleb128 0x3
 1080 00ea 0E       		.uleb128 0xe
 1081 00eb 3A       		.uleb128 0x3a
 1082 00ec 0B       		.uleb128 0xb
 1083 00ed 3B       		.uleb128 0x3b
 1084 00ee 05       		.uleb128 0x5
 1085 00ef 49       		.uleb128 0x49
ARM GAS  C:\Users\jobaek\AppData\Local\Temp\cc68L4b3.s 			page 29


 1086 00f0 13       		.uleb128 0x13
 1087 00f1 02       		.uleb128 0x2
 1088 00f2 18       		.uleb128 0x18
 1089 00f3 00       		.byte	0
 1090 00f4 00       		.byte	0
 1091 00f5 12       		.uleb128 0x12
 1092 00f6 34       		.uleb128 0x34
 1093 00f7 00       		.byte	0
 1094 00f8 03       		.uleb128 0x3
 1095 00f9 08       		.uleb128 0x8
 1096 00fa 3A       		.uleb128 0x3a
 1097 00fb 0B       		.uleb128 0xb
 1098 00fc 3B       		.uleb128 0x3b
 1099 00fd 05       		.uleb128 0x5
 1100 00fe 49       		.uleb128 0x49
 1101 00ff 13       		.uleb128 0x13
 1102 0100 3F       		.uleb128 0x3f
 1103 0101 19       		.uleb128 0x19
 1104 0102 3C       		.uleb128 0x3c
 1105 0103 19       		.uleb128 0x19
 1106 0104 00       		.byte	0
 1107 0105 00       		.byte	0
 1108 0106 13       		.uleb128 0x13
 1109 0107 34       		.uleb128 0x34
 1110 0108 00       		.byte	0
 1111 0109 03       		.uleb128 0x3
 1112 010a 0E       		.uleb128 0xe
 1113 010b 3A       		.uleb128 0x3a
 1114 010c 0B       		.uleb128 0xb
 1115 010d 3B       		.uleb128 0x3b
 1116 010e 05       		.uleb128 0x5
 1117 010f 49       		.uleb128 0x49
 1118 0110 13       		.uleb128 0x13
 1119 0111 02       		.uleb128 0x2
 1120 0112 18       		.uleb128 0x18
 1121 0113 00       		.byte	0
 1122 0114 00       		.byte	0
 1123 0115 14       		.uleb128 0x14
 1124 0116 2E       		.uleb128 0x2e
 1125 0117 00       		.byte	0
 1126 0118 3F       		.uleb128 0x3f
 1127 0119 19       		.uleb128 0x19
 1128 011a 03       		.uleb128 0x3
 1129 011b 0E       		.uleb128 0xe
 1130 011c 3A       		.uleb128 0x3a
 1131 011d 0B       		.uleb128 0xb
 1132 011e 3B       		.uleb128 0x3b
 1133 011f 05       		.uleb128 0x5
 1134 0120 27       		.uleb128 0x27
 1135 0121 19       		.uleb128 0x19
 1136 0122 11       		.uleb128 0x11
 1137 0123 01       		.uleb128 0x1
 1138 0124 12       		.uleb128 0x12
 1139 0125 06       		.uleb128 0x6
 1140 0126 40       		.uleb128 0x40
 1141 0127 18       		.uleb128 0x18
 1142 0128 9642     		.uleb128 0x2116
ARM GAS  C:\Users\jobaek\AppData\Local\Temp\cc68L4b3.s 			page 30


 1143 012a 19       		.uleb128 0x19
 1144 012b 00       		.byte	0
 1145 012c 00       		.byte	0
 1146 012d 15       		.uleb128 0x15
 1147 012e 2E       		.uleb128 0x2e
 1148 012f 01       		.byte	0x1
 1149 0130 3F       		.uleb128 0x3f
 1150 0131 19       		.uleb128 0x19
 1151 0132 03       		.uleb128 0x3
 1152 0133 0E       		.uleb128 0xe
 1153 0134 3A       		.uleb128 0x3a
 1154 0135 0B       		.uleb128 0xb
 1155 0136 3B       		.uleb128 0x3b
 1156 0137 05       		.uleb128 0x5
 1157 0138 27       		.uleb128 0x27
 1158 0139 19       		.uleb128 0x19
 1159 013a 8701     		.uleb128 0x87
 1160 013c 19       		.uleb128 0x19
 1161 013d 11       		.uleb128 0x11
 1162 013e 01       		.uleb128 0x1
 1163 013f 12       		.uleb128 0x12
 1164 0140 06       		.uleb128 0x6
 1165 0141 40       		.uleb128 0x40
 1166 0142 18       		.uleb128 0x18
 1167 0143 9642     		.uleb128 0x2116
 1168 0145 19       		.uleb128 0x19
 1169 0146 01       		.uleb128 0x1
 1170 0147 13       		.uleb128 0x13
 1171 0148 00       		.byte	0
 1172 0149 00       		.byte	0
 1173 014a 16       		.uleb128 0x16
 1174 014b 0B       		.uleb128 0xb
 1175 014c 01       		.byte	0x1
 1176 014d 11       		.uleb128 0x11
 1177 014e 01       		.uleb128 0x1
 1178 014f 12       		.uleb128 0x12
 1179 0150 06       		.uleb128 0x6
 1180 0151 00       		.byte	0
 1181 0152 00       		.byte	0
 1182 0153 17       		.uleb128 0x17
 1183 0154 34       		.uleb128 0x34
 1184 0155 00       		.byte	0
 1185 0156 03       		.uleb128 0x3
 1186 0157 08       		.uleb128 0x8
 1187 0158 3A       		.uleb128 0x3a
 1188 0159 0B       		.uleb128 0xb
 1189 015a 3B       		.uleb128 0x3b
 1190 015b 05       		.uleb128 0x5
 1191 015c 49       		.uleb128 0x49
 1192 015d 13       		.uleb128 0x13
 1193 015e 02       		.uleb128 0x2
 1194 015f 18       		.uleb128 0x18
 1195 0160 00       		.byte	0
 1196 0161 00       		.byte	0
 1197 0162 18       		.uleb128 0x18
 1198 0163 2E       		.uleb128 0x2e
 1199 0164 01       		.byte	0x1
ARM GAS  C:\Users\jobaek\AppData\Local\Temp\cc68L4b3.s 			page 31


 1200 0165 3F       		.uleb128 0x3f
 1201 0166 19       		.uleb128 0x19
 1202 0167 03       		.uleb128 0x3
 1203 0168 0E       		.uleb128 0xe
 1204 0169 3A       		.uleb128 0x3a
 1205 016a 0B       		.uleb128 0xb
 1206 016b 3B       		.uleb128 0x3b
 1207 016c 05       		.uleb128 0x5
 1208 016d 27       		.uleb128 0x27
 1209 016e 19       		.uleb128 0x19
 1210 016f 11       		.uleb128 0x11
 1211 0170 01       		.uleb128 0x1
 1212 0171 12       		.uleb128 0x12
 1213 0172 06       		.uleb128 0x6
 1214 0173 40       		.uleb128 0x40
 1215 0174 18       		.uleb128 0x18
 1216 0175 9642     		.uleb128 0x2116
 1217 0177 19       		.uleb128 0x19
 1218 0178 01       		.uleb128 0x1
 1219 0179 13       		.uleb128 0x13
 1220 017a 00       		.byte	0
 1221 017b 00       		.byte	0
 1222 017c 19       		.uleb128 0x19
 1223 017d 34       		.uleb128 0x34
 1224 017e 00       		.byte	0
 1225 017f 03       		.uleb128 0x3
 1226 0180 0E       		.uleb128 0xe
 1227 0181 3A       		.uleb128 0x3a
 1228 0182 0B       		.uleb128 0xb
 1229 0183 3B       		.uleb128 0x3b
 1230 0184 0B       		.uleb128 0xb
 1231 0185 49       		.uleb128 0x49
 1232 0186 13       		.uleb128 0x13
 1233 0187 02       		.uleb128 0x2
 1234 0188 18       		.uleb128 0x18
 1235 0189 00       		.byte	0
 1236 018a 00       		.byte	0
 1237 018b 1A       		.uleb128 0x1a
 1238 018c 34       		.uleb128 0x34
 1239 018d 00       		.byte	0
 1240 018e 03       		.uleb128 0x3
 1241 018f 0E       		.uleb128 0xe
 1242 0190 3A       		.uleb128 0x3a
 1243 0191 0B       		.uleb128 0xb
 1244 0192 3B       		.uleb128 0x3b
 1245 0193 0B       		.uleb128 0xb
 1246 0194 49       		.uleb128 0x49
 1247 0195 13       		.uleb128 0x13
 1248 0196 3F       		.uleb128 0x3f
 1249 0197 19       		.uleb128 0x19
 1250 0198 3C       		.uleb128 0x3c
 1251 0199 19       		.uleb128 0x19
 1252 019a 00       		.byte	0
 1253 019b 00       		.byte	0
 1254 019c 1B       		.uleb128 0x1b
 1255 019d 01       		.uleb128 0x1
 1256 019e 01       		.byte	0x1
ARM GAS  C:\Users\jobaek\AppData\Local\Temp\cc68L4b3.s 			page 32


 1257 019f 49       		.uleb128 0x49
 1258 01a0 13       		.uleb128 0x13
 1259 01a1 01       		.uleb128 0x1
 1260 01a2 13       		.uleb128 0x13
 1261 01a3 00       		.byte	0
 1262 01a4 00       		.byte	0
 1263 01a5 1C       		.uleb128 0x1c
 1264 01a6 21       		.uleb128 0x21
 1265 01a7 00       		.byte	0
 1266 01a8 49       		.uleb128 0x49
 1267 01a9 13       		.uleb128 0x13
 1268 01aa 2F       		.uleb128 0x2f
 1269 01ab 0B       		.uleb128 0xb
 1270 01ac 00       		.byte	0
 1271 01ad 00       		.byte	0
 1272 01ae 1D       		.uleb128 0x1d
 1273 01af 34       		.uleb128 0x34
 1274 01b0 00       		.byte	0
 1275 01b1 03       		.uleb128 0x3
 1276 01b2 0E       		.uleb128 0xe
 1277 01b3 3A       		.uleb128 0x3a
 1278 01b4 0B       		.uleb128 0xb
 1279 01b5 3B       		.uleb128 0x3b
 1280 01b6 0B       		.uleb128 0xb
 1281 01b7 49       		.uleb128 0x49
 1282 01b8 13       		.uleb128 0x13
 1283 01b9 3F       		.uleb128 0x3f
 1284 01ba 19       		.uleb128 0x19
 1285 01bb 02       		.uleb128 0x2
 1286 01bc 18       		.uleb128 0x18
 1287 01bd 00       		.byte	0
 1288 01be 00       		.byte	0
 1289 01bf 1E       		.uleb128 0x1e
 1290 01c0 21       		.uleb128 0x21
 1291 01c1 00       		.byte	0
 1292 01c2 00       		.byte	0
 1293 01c3 00       		.byte	0
 1294 01c4 1F       		.uleb128 0x1f
 1295 01c5 34       		.uleb128 0x34
 1296 01c6 00       		.byte	0
 1297 01c7 03       		.uleb128 0x3
 1298 01c8 0E       		.uleb128 0xe
 1299 01c9 3A       		.uleb128 0x3a
 1300 01ca 0B       		.uleb128 0xb
 1301 01cb 3B       		.uleb128 0x3b
 1302 01cc 05       		.uleb128 0x5
 1303 01cd 49       		.uleb128 0x49
 1304 01ce 13       		.uleb128 0x13
 1305 01cf 3F       		.uleb128 0x3f
 1306 01d0 19       		.uleb128 0x19
 1307 01d1 02       		.uleb128 0x2
 1308 01d2 18       		.uleb128 0x18
 1309 01d3 00       		.byte	0
 1310 01d4 00       		.byte	0
 1311 01d5 00       		.byte	0
 1312              		.section	.debug_aranges,"",%progbits
 1313 0000 44000000 		.4byte	0x44
ARM GAS  C:\Users\jobaek\AppData\Local\Temp\cc68L4b3.s 			page 33


 1314 0004 0200     		.2byte	0x2
 1315 0006 00000000 		.4byte	.Ldebug_info0
 1316 000a 04       		.byte	0x4
 1317 000b 00       		.byte	0
 1318 000c 0000     		.2byte	0
 1319 000e 0000     		.2byte	0
 1320 0010 00000000 		.4byte	.LFB0
 1321 0014 14000000 		.4byte	.LFE0-.LFB0
 1322 0018 00000000 		.4byte	.LFB1
 1323 001c 14000000 		.4byte	.LFE1-.LFB1
 1324 0020 00000000 		.4byte	.LFB2
 1325 0024 50000000 		.4byte	.LFE2-.LFB2
 1326 0028 00000000 		.4byte	.LFB3
 1327 002c 1C000000 		.4byte	.LFE3-.LFB3
 1328 0030 00000000 		.4byte	.LFB4
 1329 0034 98000000 		.4byte	.LFE4-.LFB4
 1330 0038 00000000 		.4byte	.LFB5
 1331 003c 90000000 		.4byte	.LFE5-.LFB5
 1332 0040 00000000 		.4byte	0
 1333 0044 00000000 		.4byte	0
 1334              		.section	.debug_ranges,"",%progbits
 1335              	.Ldebug_ranges0:
 1336 0000 00000000 		.4byte	.LFB0
 1337 0004 14000000 		.4byte	.LFE0
 1338 0008 00000000 		.4byte	.LFB1
 1339 000c 14000000 		.4byte	.LFE1
 1340 0010 00000000 		.4byte	.LFB2
 1341 0014 50000000 		.4byte	.LFE2
 1342 0018 00000000 		.4byte	.LFB3
 1343 001c 1C000000 		.4byte	.LFE3
 1344 0020 00000000 		.4byte	.LFB4
 1345 0024 98000000 		.4byte	.LFE4
 1346 0028 00000000 		.4byte	.LFB5
 1347 002c 90000000 		.4byte	.LFE5
 1348 0030 00000000 		.4byte	0
 1349 0034 00000000 		.4byte	0
 1350              		.section	.debug_line,"",%progbits
 1351              	.Ldebug_line0:
 1352 0000 D9010000 		.section	.debug_str,"MS",%progbits,1
 1352      0200D200 
 1352      00000201 
 1352      FB0E0D00 
 1352      01010101 
 1353              	.LASF17:
 1354 0000 72656733 		.ascii	"reg32\000"
 1354      3200
 1355              	.LASF10:
 1356 0006 73697A65 		.ascii	"size_t\000"
 1356      5F7400
 1357              	.LASF44:
 1358 000d 474E5520 		.ascii	"GNU C11 5.4.1 20160609 (release) [ARM/embedded-5-br"
 1358      43313120 
 1358      352E342E 
 1358      31203230 
 1358      31363036 
 1359 0040 616E6368 		.ascii	"anch revision 237715] -mcpu=cortex-m3 -mthumb -g -O"
 1359      20726576 
ARM GAS  C:\Users\jobaek\AppData\Local\Temp\cc68L4b3.s 			page 34


 1359      6973696F 
 1359      6E203233 
 1359      37373135 
 1360 0073 30202D66 		.ascii	"0 -ffunction-sections -ffat-lto-objects\000"
 1360      66756E63 
 1360      74696F6E 
 1360      2D736563 
 1360      74696F6E 
 1361              	.LASF40:
 1362 009b 43795261 		.ascii	"CyRamVectors\000"
 1362      6D566563 
 1362      746F7273 
 1362      00
 1363              	.LASF39:
 1364 00a8 43795265 		.ascii	"CyResetStatus\000"
 1364      73657453 
 1364      74617475 
 1364      7300
 1365              	.LASF33:
 1366 00b6 53746172 		.ascii	"Start_c\000"
 1366      745F6300 
 1367              	.LASF37:
 1368 00be 636F756E 		.ascii	"count\000"
 1368      7400
 1369              	.LASF30:
 1370 00c4 68656170 		.ascii	"heapPointer\000"
 1370      506F696E 
 1370      74657200 
 1371              	.LASF3:
 1372 00d0 73686F72 		.ascii	"short unsigned int\000"
 1372      7420756E 
 1372      7369676E 
 1372      65642069 
 1372      6E7400
 1373              	.LASF42:
 1374 00e3 5F5F6379 		.ascii	"__cy_region_num\000"
 1374      5F726567 
 1374      696F6E5F 
 1374      6E756D00 
 1375              	.LASF21:
 1376 00f3 696E6974 		.ascii	"init\000"
 1376      00
 1377              	.LASF27:
 1378 00f8 73746174 		.ascii	"status\000"
 1378      757300
 1379              	.LASF24:
 1380 00ff 7A65726F 		.ascii	"zero_size\000"
 1380      5F73697A 
 1380      6500
 1381              	.LASF35:
 1382 0109 72707472 		.ascii	"rptr\000"
 1382      00
 1383              	.LASF13:
 1384 010e 666C6F61 		.ascii	"float\000"
 1384      7400
 1385              	.LASF22:
 1386 0114 64617461 		.ascii	"data\000"
ARM GAS  C:\Users\jobaek\AppData\Local\Temp\cc68L4b3.s 			page 35


 1386      00
 1387              	.LASF1:
 1388 0119 756E7369 		.ascii	"unsigned char\000"
 1388      676E6564 
 1388      20636861 
 1388      7200
 1389              	.LASF29:
 1390 0127 72657475 		.ascii	"returnValue\000"
 1390      726E5661 
 1390      6C756500 
 1391              	.LASF43:
 1392 0133 526F6D56 		.ascii	"RomVectors\000"
 1392      6563746F 
 1392      727300
 1393              	.LASF5:
 1394 013e 6C6F6E67 		.ascii	"long unsigned int\000"
 1394      20756E73 
 1394      69676E65 
 1394      6420696E 
 1394      7400
 1395              	.LASF46:
 1396 0150 443A5C57 		.ascii	"D:\\Work\\PSoC_Projects\\CY8CKIT-059\\CY8CKIT-059_B"
 1396      6F726B5C 
 1396      50536F43 
 1396      5F50726F 
 1396      6A656374 
 1397 017f 6F6F746C 		.ascii	"ootloader.cydsn\000"
 1397      6F616465 
 1397      722E6379 
 1397      64736E00 
 1398              	.LASF11:
 1399 018f 75696E74 		.ascii	"uint8\000"
 1399      3800
 1400              	.LASF32:
 1401 0195 52657365 		.ascii	"Reset\000"
 1401      7400
 1402              	.LASF25:
 1403 019b 5F657869 		.ascii	"_exit\000"
 1403      7400
 1404              	.LASF45:
 1405 01a1 47656E65 		.ascii	"Generated_Source\\PSoC5\\Cm3Start.c\000"
 1405      72617465 
 1405      645F536F 
 1405      75726365 
 1405      5C50536F 
 1406              	.LASF26:
 1407 01c3 5F736272 		.ascii	"_sbrk\000"
 1407      6B00
 1408              	.LASF14:
 1409 01c9 646F7562 		.ascii	"double\000"
 1409      6C6500
 1410              	.LASF48:
 1411 01d0 696E6974 		.ascii	"initialize_psoc\000"
 1411      69616C69 
 1411      7A655F70 
 1411      736F6300 
 1412              	.LASF12:
ARM GAS  C:\Users\jobaek\AppData\Local\Temp\cc68L4b3.s 			page 36


 1413 01e0 75696E74 		.ascii	"uint32\000"
 1413      333200
 1414              	.LASF8:
 1415 01e7 756E7369 		.ascii	"unsigned int\000"
 1415      676E6564 
 1415      20696E74 
 1415      00
 1416              	.LASF7:
 1417 01f4 6C6F6E67 		.ascii	"long long unsigned int\000"
 1417      206C6F6E 
 1417      6720756E 
 1417      7369676E 
 1417      65642069 
 1418              	.LASF36:
 1419 020b 6C696D69 		.ascii	"limit\000"
 1419      7400
 1420              	.LASF18:
 1421 0211 63796973 		.ascii	"cyisraddress\000"
 1421      72616464 
 1421      72657373 
 1421      00
 1422              	.LASF23:
 1423 021e 696E6974 		.ascii	"init_size\000"
 1423      5F73697A 
 1423      6500
 1424              	.LASF20:
 1425 0228 5F5F6379 		.ascii	"__cy_byte_align8\000"
 1425      5F627974 
 1425      655F616C 
 1425      69676E38 
 1425      00
 1426              	.LASF16:
 1427 0239 72656738 		.ascii	"reg8\000"
 1427      00
 1428              	.LASF19:
 1429 023e 73697A65 		.ascii	"sizetype\000"
 1429      74797065 
 1429      00
 1430              	.LASF6:
 1431 0247 6C6F6E67 		.ascii	"long long int\000"
 1431      206C6F6E 
 1431      6720696E 
 1431      7400
 1432              	.LASF15:
 1433 0255 63686172 		.ascii	"char\000"
 1433      00
 1434              	.LASF2:
 1435 025a 73686F72 		.ascii	"short int\000"
 1435      7420696E 
 1435      7400
 1436              	.LASF38:
 1437 0264 63795379 		.ascii	"cySysNoInitDataValid\000"
 1437      734E6F49 
 1437      6E697444 
 1437      61746156 
 1437      616C6964 
 1438              	.LASF4:
ARM GAS  C:\Users\jobaek\AppData\Local\Temp\cc68L4b3.s 			page 37


 1439 0279 6C6F6E67 		.ascii	"long int\000"
 1439      20696E74 
 1439      00
 1440              	.LASF9:
 1441 0282 6C6F6E67 		.ascii	"long double\000"
 1441      20646F75 
 1441      626C6500 
 1442              	.LASF0:
 1443 028e 7369676E 		.ascii	"signed char\000"
 1443      65642063 
 1443      68617200 
 1444              	.LASF31:
 1445 029a 496E7444 		.ascii	"IntDefaultHandler\000"
 1445      65666175 
 1445      6C744861 
 1445      6E646C65 
 1445      7200
 1446              	.LASF41:
 1447 02ac 5F5F6379 		.ascii	"__cy_regions\000"
 1447      5F726567 
 1447      696F6E73 
 1447      00
 1448              	.LASF34:
 1449 02b9 72656769 		.ascii	"regions\000"
 1449      6F6E7300 
 1450              	.LASF28:
 1451 02c1 6E627974 		.ascii	"nbytes\000"
 1451      657300
 1452              	.LASF47:
 1453 02c8 5F5F6379 		.ascii	"__cy_region\000"
 1453      5F726567 
 1453      696F6E00 
 1454              		.ident	"GCC: (GNU Tools for ARM Embedded Processors) 5.4.1 20160609 (release) [ARM/embedded-5-bran
